#
# There is insufficient memory for the Java Runtime Environment to continue.
# Native memory allocation (malloc) failed to allocate 215616 bytes for Chunk::new
# Possible reasons:
#   The system is out of physical RAM or swap space
#   In 32 bit mode, the process size limit was hit
# Possible solutions:
#   Reduce memory load on the system
#   Increase physical memory or swap space
#   Check if swap backing store is full
#   Use 64 bit Java on a 64 bit OS
#   Decrease Java heap size (-Xmx/-Xms)
#   Decrease number of Java threads
#   Decrease Java thread stack sizes (-Xss)
#   Set larger code cache with -XX:ReservedCodeCacheSize=
# This output file may be truncated or incomplete.
#
#  Out of Memory Error (allocation.cpp:390), pid=1040, tid=0x0000000000002008
#
# JRE version: OpenJDK Runtime Environment (8.0_112-b06) (build 1.8.0_112-release-b06)
# Java VM: OpenJDK 64-Bit Server VM (25.112-b06 mixed mode windows-amd64 compressed oops)
# Failed to write core dump. Minidumps are not enabled by default on client versions of Windows
#

---------------  T H R E A D  ---------------

Current thread (0x00000000155be000):  JavaThread "C2 CompilerThread0" daemon [_thread_in_native, id=8200, stack(0x0000000016c30000,0x0000000016d30000)]

Stack: [0x0000000016c30000,0x0000000016d30000]
[error occurred during error reporting (printing stack bounds), id 0xc0000005]

Native frames: (J=compiled Java code, j=interpreted, Vv=VM code, C=native code)


Current CompileTask:
C2:  11454 3523       4       groovy.lang.MetaClassImpl::addMetaMethodToIndex (65 bytes)


---------------  P R O C E S S  ---------------

Java Threads: ( => current thread )
  0x0000000019351000 JavaThread "File lock request listener" [_thread_in_native, id=3592, stack(0x000000001af90000,0x000000001b090000)]
  0x0000000018576800 JavaThread "Stdin handler" [_thread_blocked, id=1152, stack(0x000000001ac90000,0x000000001ad90000)]
  0x0000000018013800 JavaThread "Asynchronous log dispatcher for DefaultDaemonConnection: socket connection from /127.0.0.1:59913 to /127.0.0.1:59914" [_thread_blocked, id=5796, stack(0x000000001ab90000,0x000000001ac90000)]
  0x0000000018ca6800 JavaThread "Daemon worker" [_thread_blocked, id=4036, stack(0x000000001aa90000,0x000000001ab90000)]
  0x0000000018cae000 JavaThread "Cancel handler" [_thread_blocked, id=8216, stack(0x000000001a990000,0x000000001aa90000)]
  0x000000001801f000 JavaThread "pool-1-thread-1" [_thread_blocked, id=8704, stack(0x000000001a890000,0x000000001a990000)]
  0x0000000018289000 JavaThread "Handler for socket connection from /127.0.0.1:59913 to /127.0.0.1:59914" [_thread_in_native, id=6556, stack(0x000000001a790000,0x000000001a890000)]
  0x0000000018288000 JavaThread "Daemon" [_thread_blocked, id=7432, stack(0x000000001a690000,0x000000001a790000)]
  0x00000000180e4000 JavaThread "Incoming local TCP Connector on port 59913" [_thread_in_native, id=1656, stack(0x0000000018d00000,0x0000000018e00000)]
  0x0000000016f50800 JavaThread "Service Thread" daemon [_thread_blocked, id=2248, stack(0x0000000017330000,0x0000000017430000)]
  0x00000000155ca000 JavaThread "C1 CompilerThread2" daemon [_thread_blocked, id=532, stack(0x0000000016e30000,0x0000000016f30000)]
  0x00000000155c3000 JavaThread "C2 CompilerThread1" daemon [_thread_in_native, id=1716, stack(0x0000000016d30000,0x0000000016e30000)]
=>0x00000000155be000 JavaThread "C2 CompilerThread0" daemon [_thread_in_native, id=8200, stack(0x0000000016c30000,0x0000000016d30000)]
  0x00000000155bc800 JavaThread "Attach Listener" daemon [_thread_blocked, id=3944, stack(0x0000000016b30000,0x0000000016c30000)]
  0x00000000155bb000 JavaThread "Signal Dispatcher" daemon [_thread_blocked, id=4688, stack(0x0000000016a30000,0x0000000016b30000)]
  0x0000000002eed000 JavaThread "Finalizer" daemon [_thread_blocked, id=3356, stack(0x0000000016830000,0x0000000016930000)]
  0x0000000002ee2000 JavaThread "Reference Handler" daemon [_thread_blocked, id=1936, stack(0x0000000016730000,0x0000000016830000)]
  0x0000000002df2800 JavaThread "main" [_thread_blocked, id=1776, stack(0x0000000002cf0000,0x0000000002df0000)]

Other Threads:
  0x0000000015584800 VMThread [stack: 0x0000000016630000,0x0000000016730000] [id=1732]
  0x000000001561d000 WatcherThread [stack: 0x0000000017430000,0x0000000017530000] [id=7992]

VM state:at safepoint (normal execution)

VM Mutex/Monitor currently owned by a thread:  ([mutex/lock_event])
[0x0000000002c9e080] Threads_lock - owner thread: 0x0000000015584800
[0x0000000002c9d680] Heap_lock - owner thread: 0x0000000018ca6800

Heap:
 PSYoungGen      total 111104K, used 38025K [0x00000000eab00000, 0x00000000f2500000, 0x0000000100000000)
  eden space 99328K, 28% used [0x00000000eab00000,0x00000000ec660ae0,0x00000000f0c00000)
  from space 11776K, 84% used [0x00000000f1900000,0x00000000f22c1c00,0x00000000f2480000)
  to   space 12800K, 10% used [0x00000000f0c00000,0x00000000f0d58000,0x00000000f1880000)
 ParOldGen       total 65024K, used 13274K [0x00000000c0000000, 0x00000000c3f80000, 0x00000000eab00000)
  object space 65024K, 20% used [0x00000000c0000000,0x00000000c0cf6920,0x00000000c3f80000)
 Metaspace       used 33114K, capacity 33720K, committed 33792K, reserved 1083392K
  class space    used 4418K, capacity 4571K, committed 4608K, reserved 1048576K

Card table byte_map: [0x00000000122b0000,0x00000000124c0000] byte_map_base: 0x0000000011cb0000

Marking Bits: (ParMarkBitMap*) 0x0000000055cb18f0
 Begin Bits: [0x0000000012a20000, 0x0000000013a20000)
 End Bits:   [0x0000000013a20000, 0x0000000014a20000)

Polling page: 0x0000000001620000

CodeCache: size=245760Kb used=14111Kb max_used=14111Kb free=231648Kb
 bounds [0x0000000002ef0000, 0x0000000003cd0000, 0x0000000011ef0000]
 total_blobs=4187 nmethods=3497 adapters=602
 compilation: enabled

Compilation events (10 events):
Event: 11.446 Thread 0x00000000155ca000 3530       3       groovyjarjarasm.asm.Label::<init> (5 bytes)
Event: 11.446 Thread 0x00000000155ca000 nmethod 3530 0x0000000003cbee50 code [0x0000000003cbefa0, 0x0000000003cbf150]
Event: 11.446 Thread 0x00000000155ca000 3533       3       groovyjarjarasm.asm.MethodWriter::visitLabel (281 bytes)
Event: 11.447 Thread 0x00000000155ca000 nmethod 3533 0x0000000003cbe290 code [0x0000000003cbe440, 0x0000000003cbec08]
Event: 11.447 Thread 0x00000000155ca000 3531       3       groovyjarjarasm.asm.MethodWriter::visitMethodInsn (220 bytes)
Event: 11.448 Thread 0x00000000155ca000 nmethod 3531 0x0000000003cbd610 code [0x0000000003cbd800, 0x0000000003cbdf08]
Event: 11.448 Thread 0x00000000155ca000 3532       3       groovyjarjarasm.asm.ClassWriter::a (91 bytes)
Event: 11.449 Thread 0x00000000155ca000 nmethod 3532 0x0000000003cbc750 code [0x0000000003cbc940, 0x0000000003cbd178]
Event: 11.449 Thread 0x00000000155ca000 3534       1       com.google.common.cache.LocalCache$2::offer (2 bytes)
Event: 11.449 Thread 0x00000000155ca000 nmethod 3534 0x0000000003cbc490 code [0x0000000003cbc5e0, 0x0000000003cbc6f0]

GC Heap History (10 events):
Event: 3.853 GC heap after
Heap after GC invocations=3 (full 0):
 PSYoungGen      total 38400K, used 5107K [0x00000000eab00000, 0x00000000ef600000, 0x0000000100000000)
  eden space 33280K, 0% used [0x00000000eab00000,0x00000000eab00000,0x00000000ecb80000)
  from space 5120K, 99% used [0x00000000ecb80000,0x00000000ed07ce60,0x00000000ed080000)
  to   space 5120K, 0% used [0x00000000ef100000,0x00000000ef100000,0x00000000ef600000)
 ParOldGen       total 87552K, used 3826K [0x00000000c0000000, 0x00000000c5580000, 0x00000000eab00000)
  object space 87552K, 4% used [0x00000000c0000000,0x00000000c03bcbf8,0x00000000c5580000)
 Metaspace       used 16642K, capacity 17006K, committed 17024K, reserved 1064960K
  class space    used 2319K, capacity 2432K, committed 2432K, reserved 1048576K
}
Event: 4.504 GC heap before
{Heap before GC invocations=4 (full 0):
 PSYoungGen      total 38400K, used 27936K [0x00000000eab00000, 0x00000000ef600000, 0x0000000100000000)
  eden space 33280K, 68% used [0x00000000eab00000,0x00000000ec14b590,0x00000000ecb80000)
  from space 5120K, 99% used [0x00000000ecb80000,0x00000000ed07ce60,0x00000000ed080000)
  to   space 5120K, 0% used [0x00000000ef100000,0x00000000ef100000,0x00000000ef600000)
 ParOldGen       total 87552K, used 3826K [0x00000000c0000000, 0x00000000c5580000, 0x00000000eab00000)
  object space 87552K, 4% used [0x00000000c0000000,0x00000000c03bcbf8,0x00000000c5580000)
 Metaspace       used 20719K, capacity 21114K, committed 21248K, reserved 1067008K
  class space    used 2802K, capacity 2948K, committed 3072K, reserved 1048576K
Event: 4.520 GC heap after
Heap after GC invocations=4 (full 0):
 PSYoungGen      total 71680K, used 5099K [0x00000000eab00000, 0x00000000ef600000, 0x0000000100000000)
  eden space 66560K, 0% used [0x00000000eab00000,0x00000000eab00000,0x00000000eec00000)
  from space 5120K, 99% used [0x00000000ef100000,0x00000000ef5fafe0,0x00000000ef600000)
  to   space 5120K, 0% used [0x00000000eec00000,0x00000000eec00000,0x00000000ef100000)
 ParOldGen       total 87552K, used 8200K [0x00000000c0000000, 0x00000000c5580000, 0x00000000eab00000)
  object space 87552K, 9% used [0x00000000c0000000,0x00000000c0802320,0x00000000c5580000)
 Metaspace       used 20719K, capacity 21114K, committed 21248K, reserved 1067008K
  class space    used 2802K, capacity 2948K, committed 3072K, reserved 1048576K
}
Event: 4.520 GC heap before
{Heap before GC invocations=5 (full 1):
 PSYoungGen      total 71680K, used 5099K [0x00000000eab00000, 0x00000000ef600000, 0x0000000100000000)
  eden space 66560K, 0% used [0x00000000eab00000,0x00000000eab00000,0x00000000eec00000)
  from space 5120K, 99% used [0x00000000ef100000,0x00000000ef5fafe0,0x00000000ef600000)
  to   space 5120K, 0% used [0x00000000eec00000,0x00000000eec00000,0x00000000ef100000)
 ParOldGen       total 87552K, used 8200K [0x00000000c0000000, 0x00000000c5580000, 0x00000000eab00000)
  object space 87552K, 9% used [0x00000000c0000000,0x00000000c0802320,0x00000000c5580000)
 Metaspace       used 20719K, capacity 21114K, committed 21248K, reserved 1067008K
  class space    used 2802K, capacity 2948K, committed 3072K, reserved 1048576K
Event: 4.584 GC heap after
Heap after GC invocations=5 (full 1):
 PSYoungGen      total 71680K, used 0K [0x00000000eab00000, 0x00000000ef600000, 0x0000000100000000)
  eden space 66560K, 0% used [0x00000000eab00000,0x00000000eab00000,0x00000000eec00000)
  from space 5120K, 0% used [0x00000000ef100000,0x00000000ef100000,0x00000000ef600000)
  to   space 5120K, 0% used [0x00000000eec00000,0x00000000eec00000,0x00000000ef100000)
 ParOldGen       total 65024K, used 9322K [0x00000000c0000000, 0x00000000c3f80000, 0x00000000eab00000)
  object space 65024K, 14% used [0x00000000c0000000,0x00000000c091aa58,0x00000000c3f80000)
 Metaspace       used 20719K, capacity 21114K, committed 21248K, reserved 1067008K
  class space    used 2802K, capacity 2948K, committed 3072K, reserved 1048576K
}
Event: 6.625 GC heap before
{Heap before GC invocations=6 (full 1):
 PSYoungGen      total 71680K, used 66560K [0x00000000eab00000, 0x00000000ef600000, 0x0000000100000000)
  eden space 66560K, 100% used [0x00000000eab00000,0x00000000eec00000,0x00000000eec00000)
  from space 5120K, 0% used [0x00000000ef100000,0x00000000ef100000,0x00000000ef600000)
  to   space 5120K, 0% used [0x00000000eec00000,0x00000000eec00000,0x00000000ef100000)
 ParOldGen       total 65024K, used 9322K [0x00000000c0000000, 0x00000000c3f80000, 0x00000000eab00000)
  object space 65024K, 14% used [0x00000000c0000000,0x00000000c091aa58,0x00000000c3f80000)
 Metaspace       used 27632K, capacity 28212K, committed 28544K, reserved 1073152K
  class space    used 3685K, capacity 3852K, committed 3968K, reserved 1048576K
Event: 6.660 GC heap after
Heap after GC invocations=6 (full 1):
 PSYoungGen      total 71680K, used 5111K [0x00000000eab00000, 0x00000000f2480000, 0x0000000100000000)
  eden space 66560K, 0% used [0x00000000eab00000,0x00000000eab00000,0x00000000eec00000)
  from space 5120K, 99% used [0x00000000eec00000,0x00000000ef0fdd60,0x00000000ef100000)
  to   space 11776K, 0% used [0x00000000f1900000,0x00000000f1900000,0x00000000f2480000)
 ParOldGen       total 65024K, used 13266K [0x00000000c0000000, 0x00000000c3f80000, 0x00000000eab00000)
  object space 65024K, 20% used [0x00000000c0000000,0x00000000c0cf4920,0x00000000c3f80000)
 Metaspace       used 27632K, capacity 28212K, committed 28544K, reserved 1073152K
  class space    used 3685K, capacity 3852K, committed 3968K, reserved 1048576K
}
Event: 8.531 GC heap before
{Heap before GC invocations=7 (full 1):
 PSYoungGen      total 71680K, used 71671K [0x00000000eab00000, 0x00000000f2480000, 0x0000000100000000)
  eden space 66560K, 100% used [0x00000000eab00000,0x00000000eec00000,0x00000000eec00000)
  from space 5120K, 99% used [0x00000000eec00000,0x00000000ef0fdd60,0x00000000ef100000)
  to   space 11776K, 0% used [0x00000000f1900000,0x00000000f1900000,0x00000000f2480000)
 ParOldGen       total 65024K, used 13266K [0x00000000c0000000, 0x00000000c3f80000, 0x00000000eab00000)
  object space 65024K, 20% used [0x00000000c0000000,0x00000000c0cf4920,0x00000000c3f80000)
 Metaspace       used 32615K, capacity 33260K, committed 33536K, reserved 1079296K
  class space    used 4379K, capacity 4548K, committed 4608K, reserved 1048576K
Event: 8.549 GC heap after
Heap after GC invocations=7 (full 1):
 PSYoungGen      total 111104K, used 9991K [0x00000000eab00000, 0x00000000f2500000, 0x0000000100000000)
  eden space 99328K, 0% used [0x00000000eab00000,0x00000000eab00000,0x00000000f0c00000)
  from space 11776K, 84% used [0x00000000f1900000,0x00000000f22c1c00,0x00000000f2480000)
  to   space 12800K, 0% used [0x00000000f0c00000,0x00000000f0c00000,0x00000000f1880000)
 ParOldGen       total 65024K, used 13274K [0x00000000c0000000, 0x00000000c3f80000, 0x00000000eab00000)
  object space 65024K, 20% used [0x00000000c0000000,0x00000000c0cf6920,0x00000000c3f80000)
 Metaspace       used 32615K, capacity 33260K, committed 33536K, reserved 1079296K
  class space    used 4379K, capacity 4548K, committed 4608K, reserved 1048576K
}
Event: 11.451 GC heap before
{Heap before GC invocations=8 (full 1):
 PSYoungGen      total 111104K, used 38025K [0x00000000eab00000, 0x00000000f2500000, 0x0000000100000000)
  eden space 99328K, 28% used [0x00000000eab00000,0x00000000ec660ae0,0x00000000f0c00000)
  from space 11776K, 84% used [0x00000000f1900000,0x00000000f22c1c00,0x00000000f2480000)
  to   space 12800K, 0% used [0x00000000f0c00000,0x00000000f0c00000,0x00000000f1880000)
 ParOldGen       total 65024K, used 13274K [0x00000000c0000000, 0x00000000c3f80000, 0x00000000eab00000)
  object space 65024K, 20% used [0x00000000c0000000,0x00000000c0cf6920,0x00000000c3f80000)
 Metaspace       used 33114K, capacity 33720K, committed 33792K, reserved 1083392K
  class space    used 4418K, capacity 4571K, committed 4608K, reserved 1048576K

Deoptimization events (10 events):
Event: 8.416 Thread 0x0000000018ca6800 Uncommon trap: reason=unstable_if action=reinterpret pc=0x0000000003a01a04 method=com.sun.org.apache.xerces.internal.impl.XMLEntityScanner.skipSpaces()Z @ 75
Event: 8.416 Thread 0x0000000018ca6800 Uncommon trap: reason=unstable_if action=reinterpret pc=0x00000000039a316c method=com.sun.org.apache.xerces.internal.impl.XMLEntityScanner.peekChar()I @ 51
Event: 8.416 Thread 0x0000000018ca6800 Uncommon trap: reason=unstable_if action=reinterpret pc=0x00000000039dc84c method=com.sun.org.apache.xerces.internal.impl.XMLEntityScanner.scanContent(Lcom/sun/org/apache/xerces/internal/xni/XMLString;)I @ 124
Event: 8.417 Thread 0x0000000018ca6800 Uncommon trap: reason=unstable_if action=reinterpret pc=0x00000000039cfdd8 method=com.sun.org.apache.xerces.internal.impl.XMLEntityScanner.skipSpaces()Z @ 75
Event: 8.473 Thread 0x0000000018ca6800 Uncommon trap: reason=unstable_if action=reinterpret pc=0x0000000003a638b0 method=com.sun.org.apache.xerces.internal.impl.XMLEntityScanner.scanName()Ljava/lang/String; @ 205
Event: 8.551 Thread 0x0000000002eed000 Uncommon trap: reason=unstable_if action=reinterpret pc=0x0000000003425540 method=java.util.WeakHashMap.remove(Ljava/lang/Object;)Ljava/lang/Object; @ 67
Event: 8.661 Thread 0x0000000018ca6800 Uncommon trap: reason=unstable_if action=reinterpret pc=0x00000000039ffd30 method=com.sun.org.apache.xerces.internal.impl.io.UTF8Reader.read([CII)I @ 131
Event: 8.700 Thread 0x0000000018ca6800 Uncommon trap: reason=unstable_if action=reinterpret pc=0x0000000003b55af8 method=sun.nio.cs.ISO_8859_1$Decoder.decodeArrayLoop(Ljava/nio/ByteBuffer;Ljava/nio/CharBuffer;)Ljava/nio/charset/CoderResult; @ 146
Event: 8.843 Thread 0x0000000018ca6800 Uncommon trap: reason=unstable_if action=reinterpret pc=0x0000000003b20760 method=com.sun.org.apache.xerces.internal.impl.XMLEntityScanner.peekChar()I @ 51
Event: 8.869 Thread 0x0000000018ca6800 Uncommon trap: reason=unstable_if action=reinterpret pc=0x0000000003b3c504 method=com.sun.org.apache.xerces.internal.impl.XMLEntityScanner.scanName()Ljava/lang/String; @ 69

Internal exceptions (10 events):
Event: 11.107 Thread 0x0000000018ca6800 Exception <a 'java/security/PrivilegedActionException'> (0x00000000ebf30d00) thrown at [C:\src\android\AOSP-openjdk\external\jetbrains\jdk\hotspot\src\share\vm\prims\jvm.cpp, line 1390]
Event: 11.107 Thread 0x0000000018ca6800 Exception <a 'java/security/PrivilegedActionException'> (0x00000000ebf316b0) thrown at [C:\src\android\AOSP-openjdk\external\jetbrains\jdk\hotspot\src\share\vm\prims\jvm.cpp, line 1390]
Event: 11.125 Thread 0x0000000018ca6800 Exception <a 'java/security/PrivilegedActionException'> (0x00000000ec051bb0) thrown at [C:\src\android\AOSP-openjdk\external\jetbrains\jdk\hotspot\src\share\vm\prims\jvm.cpp, line 1390]
Event: 11.125 Thread 0x0000000018ca6800 Exception <a 'java/security/PrivilegedActionException'> (0x00000000ec052560) thrown at [C:\src\android\AOSP-openjdk\external\jetbrains\jdk\hotspot\src\share\vm\prims\jvm.cpp, line 1390]
Event: 11.125 Thread 0x0000000018ca6800 Exception <a 'java/security/PrivilegedActionException'> (0x00000000ec0545f8) thrown at [C:\src\android\AOSP-openjdk\external\jetbrains\jdk\hotspot\src\share\vm\prims\jvm.cpp, line 1390]
Event: 11.125 Thread 0x0000000018ca6800 Exception <a 'java/security/PrivilegedActionException'> (0x00000000ec054fa8) thrown at [C:\src\android\AOSP-openjdk\external\jetbrains\jdk\hotspot\src\share\vm\prims\jvm.cpp, line 1390]
Event: 11.222 Thread 0x0000000018ca6800 Exception <a 'java/lang/ClassNotFoundException': build_7117p9evouob61vxo8cf9qsokBeanInfo> (0x00000000ec192738) thrown at [C:\src\android\AOSP-openjdk\external\jetbrains\jdk\hotspot\src\share\vm\classfile\systemDictionary.cpp, line 210]
Event: 11.223 Thread 0x0000000018ca6800 Exception <a 'java/lang/ClassNotFoundException': build_7117p9evouob61vxo8cf9qsokCustomizer> (0x00000000ec1a1548) thrown at [C:\src\android\AOSP-openjdk\external\jetbrains\jdk\hotspot\src\share\vm\classfile\systemDictionary.cpp, line 210]
Event: 11.443 Thread 0x0000000018ca6800 Exception <a 'java/lang/ClassNotFoundException': build_a6c1t8xxrirec24q86r42i5nqBeanInfo> (0x00000000ec537ba0) thrown at [C:\src\android\AOSP-openjdk\external\jetbrains\jdk\hotspot\src\share\vm\classfile\systemDictionary.cpp, line 210]
Event: 11.443 Thread 0x0000000018ca6800 Exception <a 'java/lang/ClassNotFoundException': build_a6c1t8xxrirec24q86r42i5nqCustomizer> (0x00000000ec547de8) thrown at [C:\src\android\AOSP-openjdk\external\jetbrains\jdk\hotspot\src\share\vm\classfile\systemDictionary.cpp, line 210]

Events (10 events):
Event: 11.443 loading class build_a6c1t8xxrirec24q86r42i5nqCustomizer done
Event: 11.447 loading class org/gradle/api/internal/plugins/DefaultObjectConfigurationAction$3
Event: 11.447 loading class org/gradle/api/internal/plugins/DefaultObjectConfigurationAction$3 done
Event: 11.448 loading class com/google/common/base/Absent
Event: 11.448 loading class com/google/common/base/Absent done
Event: 11.449 loading class com/android/build/gradle/AppPlugin
Event: 11.449 loading class com/android/build/gradle/AppPlugin done
Event: 11.450 loading class com/android/build/gradle/BasePlugin
Event: 11.450 loading class com/android/build/gradle/BasePlugin done
Event: 11.451 Executing VM operation: CollectForMetadataAllocation


Dynamic libraries:
0x00007ff770fc0000 - 0x00007ff770ff1000 	C:\Program Files\Android\Android Studio\jre\bin\java.exe
0x00007ffb4ba60000 - 0x00007ffb4bc31000 	C:\WINDOWS\SYSTEM32\ntdll.dll
0x00007ffb4b1a0000 - 0x00007ffb4b24c000 	C:\WINDOWS\System32\KERNEL32.DLL
0x00007ffb48bf0000 - 0x00007ffb48e0d000 	C:\WINDOWS\System32\KERNELBASE.dll
0x00007ffb4b5e0000 - 0x00007ffb4b682000 	C:\WINDOWS\System32\ADVAPI32.dll
0x00007ffb4b3d0000 - 0x00007ffb4b46e000 	C:\WINDOWS\System32\msvcrt.dll
0x00007ffb4a840000 - 0x00007ffb4a899000 	C:\WINDOWS\System32\sechost.dll
0x00007ffb49010000 - 0x00007ffb49131000 	C:\WINDOWS\System32\RPCRT4.dll
0x00007ffb4b6f0000 - 0x00007ffb4b855000 	C:\WINDOWS\System32\USER32.dll
0x00007ffb48e10000 - 0x00007ffb48e2e000 	C:\WINDOWS\System32\win32u.dll
0x00007ffb4a7f0000 - 0x00007ffb4a824000 	C:\WINDOWS\System32\GDI32.dll
0x00007ffb47f60000 - 0x00007ffb480e0000 	C:\WINDOWS\System32\gdi32full.dll
0x00007ffb3ad90000 - 0x00007ffb3b00a000 	C:\WINDOWS\WinSxS\amd64_microsoft.windows.common-controls_6595b64144ccf1df_6.0.14393.953_none_42151e83c686086b\COMCTL32.dll
0x00007ffb4ae70000 - 0x00007ffb4b138000 	C:\WINDOWS\System32\combase.dll
0x00007ffb48190000 - 0x00007ffb48285000 	C:\WINDOWS\System32\ucrtbase.dll
0x00007ffb48f80000 - 0x00007ffb48fea000 	C:\WINDOWS\System32\bcryptPrimitives.dll
0x00007ffb4ae30000 - 0x00007ffb4ae5e000 	C:\WINDOWS\System32\IMM32.DLL
0x0000000055d30000 - 0x0000000055e02000 	C:\Program Files\Android\Android Studio\jre\jre\bin\msvcr100.dll
0x00000000554f0000 - 0x0000000055d2c000 	C:\Program Files\Android\Android Studio\jre\jre\bin\server\jvm.dll
0x00007ffb4b2c0000 - 0x00007ffb4b2c8000 	C:\WINDOWS\System32\PSAPI.DLL
0x00007ffb45ca0000 - 0x00007ffb45cc3000 	C:\WINDOWS\SYSTEM32\WINMM.dll
0x00007ffb3ac00000 - 0x00007ffb3ac0a000 	C:\WINDOWS\SYSTEM32\VERSION.dll
0x00007ffb3a0d0000 - 0x00007ffb3a0d9000 	C:\WINDOWS\SYSTEM32\WSOCK32.dll
0x00007ffb4b250000 - 0x00007ffb4b2ba000 	C:\WINDOWS\System32\WS2_32.dll
0x0000000001060000 - 0x000000000108b000 	C:\WINDOWS\SYSTEM32\WINMMBASE.dll
0x00007ffb48ed0000 - 0x00007ffb48f12000 	C:\WINDOWS\System32\cfgmgr32.dll
0x00007ffb45590000 - 0x00007ffb4559f000 	C:\Program Files\Android\Android Studio\jre\jre\bin\verify.dll
0x00007ffb3fca0000 - 0x00007ffb3fcc9000 	C:\Program Files\Android\Android Studio\jre\jre\bin\java.dll
0x00007ffb44c20000 - 0x00007ffb44c36000 	C:\Program Files\Android\Android Studio\jre\jre\bin\zip.dll
0x00007ffb49140000 - 0x00007ffb4a648000 	C:\WINDOWS\System32\SHELL32.dll
0x00007ffb48290000 - 0x00007ffb4896a000 	C:\WINDOWS\System32\windows.storage.dll
0x00007ffb47ef0000 - 0x00007ffb47f3c000 	C:\WINDOWS\System32\powrprof.dll
0x00007ffb4b370000 - 0x00007ffb4b3c2000 	C:\WINDOWS\System32\shlwapi.dll
0x00007ffb47f40000 - 0x00007ffb47f4f000 	C:\WINDOWS\System32\kernel.appcore.dll
0x00007ffb48b40000 - 0x00007ffb48be9000 	C:\WINDOWS\System32\shcore.dll
0x00007ffb47ed0000 - 0x00007ffb47ee4000 	C:\WINDOWS\System32\profapi.dll
0x00007ffb43230000 - 0x00007ffb4324a000 	C:\Program Files\Android\Android Studio\jre\jre\bin\net.dll
0x00007ffb47800000 - 0x00007ffb4785c000 	C:\WINDOWS\system32\mswsock.dll
0x00007ffb3fc80000 - 0x00007ffb3fc91000 	C:\Program Files\Android\Android Studio\jre\jre\bin\nio.dll
0x00007ffb3fc60000 - 0x00007ffb3fc7e000 	C:\Users\roberto\.gradle\native\23\windows-amd64\native-platform.dll
0x00007ffb479a0000 - 0x00007ffb479b7000 	C:\WINDOWS\SYSTEM32\CRYPTSP.dll
0x00007ffb47400000 - 0x00007ffb47433000 	C:\WINDOWS\system32\rsaenh.dll
0x00007ffb47ab0000 - 0x00007ffb47adb000 	C:\WINDOWS\SYSTEM32\bcrypt.dll
0x00007ffb47680000 - 0x00007ffb4769f000 	C:\WINDOWS\SYSTEM32\USERENV.dll
0x00007ffb479c0000 - 0x00007ffb479cb000 	C:\WINDOWS\SYSTEM32\CRYPTBASE.dll
0x00007ffb47580000 - 0x00007ffb475b8000 	C:\WINDOWS\SYSTEM32\IPHLPAPI.DLL
0x00007ffb4ae60000 - 0x00007ffb4ae68000 	C:\WINDOWS\System32\NSI.dll
0x00007ffb40930000 - 0x00007ffb40946000 	C:\WINDOWS\SYSTEM32\dhcpcsvc6.DLL
0x00007ffb40910000 - 0x00007ffb4092a000 	C:\WINDOWS\SYSTEM32\dhcpcsvc.DLL
0x00007ffb45480000 - 0x00007ffb4548d000 	C:\Program Files\Android\Android Studio\jre\jre\bin\management.dll

VM Arguments:
jvm_args: -XX:MaxPermSize=256m -XX:+HeapDumpOnOutOfMemoryError -Xmx1024m -Dfile.encoding=windows-1252 -Duser.country=CH -Duser.language=it -Duser.variant 
java_command: org.gradle.launcher.daemon.bootstrap.GradleDaemon 3.3
java_class_path (initial): C:\Users\roberto\.gradle\wrapper\dists\gradle-3.3-all\55gk2rcmfc6p2dg9u9ohc3hw9\gradle-3.3\lib\gradle-launcher-3.3.jar
Launcher Type: SUN_STANDARD

Environment Variables:
JAVA_HOME=C:\Program Files (x86)\Java\jdk1.8.0_65
PATH=C:\ProgramData\Oracle\Java\javapath;C:\Program Files (x86)\Intel\iCLS Client\;C:\Program Files\Intel\iCLS Client\;C:\Windows\system32;C:\Windows;C:\Windows\System32\Wbem;C:\Windows\System32\WindowsPowerShell\v1.0\;C:\Program Files\Intel\WiFi\bin\;C:\Program Files\Common Files\Intel\WirelessCommon\;C:\Program Files (x86)\Intel\OpenCL SDK\3.0\bin\x86;C:\Program Files (x86)\Intel\OpenCL SDK\3.0\bin\x64;C:\Program Files\Intel\Intel(R) Management Engine Components\DAL;C:\Program Files\Intel\Intel(R) Management Engine Components\IPT;C:\Program Files (x86)\Intel\Intel(R) Management Engine Components\DAL;C:\Program Files (x86)\Intel\Intel(R) Management Engine Components\IPT;C:\Program Files\Sony\VAIO Improvement;C:\Program Files (x86)\Sony\VAIO BIOS Data Transfer Utility\;C:\Program Files (x86)\Sony\VAIO Startup Setting Tool;C:\Program Files\nodejs\;C:\Users\roberto\AppData\Local\Smartbar\Application\;C:\WINDOWS\system32;C:\WINDOWS;C:\WINDOWS\System32\Wbem;C:\WINDOWS\System32\WindowsPowerShell\v1.0\;C:\ProgramData\Oracle\Java\javapath2;C:\Program Files (x86)\Java\jre1.8.0_65\bin;C:\Program Files (x86)\LyX 2.2\Perl\bin;C:\Program Files (x86)\Windows Kits\10\Windows Performance Toolkit\;C:\Program Files (x86)\Skype\Phone\;C:\Program Files\Git\cmd;c:\jruby-9.1.8.0\bin;c:\users\roberto\appdata\local\enthought\canopy\user\scripts;C:\Users\roberto\AppData\Local\Enthought\Canopy\User;C:\Users\roberto\AppData\Local\Enthought\Canopy\User\Scripts;C:\Users\roberto\AppData\Local\Programs\MiKTeX 2.9\miktex\bin\;C:\Program Files (x86)\Google\google_appengine\;C:\Users\roberto\AppData\Local\Microsoft\WindowsApps;C:\Program Files\Java\jdk1.8.0_121\bin;C:\Program Files\gnuplot\bin;C:\Program Files\Heroku\bin
USERNAME=roberto
OS=Windows_NT
PROCESSOR_IDENTIFIER=Intel64 Family 6 Model 69 Stepping 1, GenuineIntel



---------------  S Y S T E M  ---------------

OS: Windows 10.0 , 64 bit Build 14393 (10.0.14393.1198)

CPU:total 4 (2 cores per cpu, 2 threads per core) family 6 model 69 stepping 1, cmov, cx8, fxsr, mmx, sse, sse2, sse3, ssse3, sse4.1, sse4.2, popcnt, avx, avx2, aes, clmul, erms, lzcnt, ht, tsc, tscinvbit, bmi1, bmi2

Memory: 4k page, physical 8293232k(1506476k free), swap 9534308k(576k free)

vm_info: OpenJDK 64-Bit Server VM (25.112-b06) for windows-amd64 JRE (1.8.0_112-release-b06), built on Dec  8 2016 00:54:26 by "builder" with MS VC++ 10.0 (VS2010)

time: Tue Sep 26 11:54:20 2017
elapsed time: 11 seconds (0d 0h 0m 11s)

