#
# There is insufficient memory for the Java Runtime Environment to continue.
# Native memory allocation (malloc) failed to allocate 1563536 bytes for Chunk::new
# Possible reasons:
#   The system is out of physical RAM or swap space
#   In 32 bit mode, the process size limit was hit
# Possible solutions:
#   Reduce memory load on the system
#   Increase physical memory or swap space
#   Check if swap backing store is full
#   Use 64 bit Java on a 64 bit OS
#   Decrease Java heap size (-Xmx/-Xms)
#   Decrease number of Java threads
#   Decrease Java thread stack sizes (-Xss)
#   Set larger code cache with -XX:ReservedCodeCacheSize=
# This output file may be truncated or incomplete.
#
#  Out of Memory Error (allocation.cpp:390), pid=3756, tid=0x00000000000024e4
#
# JRE version: OpenJDK Runtime Environment (8.0_112-b06) (build 1.8.0_112-release-b06)
# Java VM: OpenJDK 64-Bit Server VM (25.112-b06 mixed mode windows-amd64 compressed oops)
# Failed to write core dump. Minidumps are not enabled by default on client versions of Windows
#

---------------  T H R E A D  ---------------

Current thread (0x00000000157b0800):  JavaThread "C2 CompilerThread0" daemon [_thread_in_native, id=9444, stack(0x0000000016e20000,0x0000000016f20000)]

Stack: [0x0000000016e20000,0x0000000016f20000]
[error occurred during error reporting (printing stack bounds), id 0xc0000005]

Native frames: (J=compiled Java code, j=interpreted, Vv=VM code, C=native code)


Current CompileTask:
C2:   8959 5543       4       com.sun.beans.TypeResolver::resolve (37 bytes)


---------------  P R O C E S S  ---------------

Java Threads: ( => current thread )
  0x000000001abb5800 JavaThread "File lock request listener" [_thread_in_native, id=2176, stack(0x000000001d8f0000,0x000000001d9f0000)]
  0x000000001820e000 JavaThread "Stdin handler" [_thread_blocked, id=8800, stack(0x0000000019c80000,0x0000000019d80000)]
  0x0000000018211000 JavaThread "Asynchronous log dispatcher for org.gradle.launcher.daemon.server.DefaultDaemonConnection@3abc3d61" [_thread_blocked, id=7240, stack(0x0000000019b80000,0x0000000019c80000)]
  0x000000001820a800 JavaThread "Daemon worker" [_thread_in_vm, id=6956, stack(0x0000000019a80000,0x0000000019b80000)]
  0x0000000018212800 JavaThread "Cancel handler" [_thread_blocked, id=9436, stack(0x0000000019980000,0x0000000019a80000)]
  0x000000001845c000 JavaThread "Handler for socket connection from /127.0.0.1:59102 to /127.0.0.1:59104" [_thread_in_native, id=2280, stack(0x0000000019880000,0x0000000019980000)]
  0x0000000018349800 JavaThread "Daemon" [_thread_blocked, id=1644, stack(0x0000000019780000,0x0000000019880000)]
  0x000000001834a000 JavaThread "pool-1-thread-1" [_thread_blocked, id=7840, stack(0x0000000019680000,0x0000000019780000)]
  0x00000000183e6000 JavaThread "Incoming local TCP Connector on port 59102" [_thread_in_native, id=9912, stack(0x0000000019230000,0x0000000019330000)]
  0x0000000017153000 JavaThread "Service Thread" daemon [_thread_blocked, id=448, stack(0x0000000017520000,0x0000000017620000)]
  0x00000000157ba800 JavaThread "C1 CompilerThread2" daemon [_thread_blocked, id=6800, stack(0x0000000017020000,0x0000000017120000)]
  0x00000000157b3800 JavaThread "C2 CompilerThread1" daemon [_thread_blocked, id=7980, stack(0x0000000016f20000,0x0000000017020000)]
=>0x00000000157b0800 JavaThread "C2 CompilerThread0" daemon [_thread_in_native, id=9444, stack(0x0000000016e20000,0x0000000016f20000)]
  0x00000000157af800 JavaThread "Attach Listener" daemon [_thread_blocked, id=9872, stack(0x0000000016d20000,0x0000000016e20000)]
  0x00000000157ac000 JavaThread "Signal Dispatcher" daemon [_thread_blocked, id=8560, stack(0x0000000016c20000,0x0000000016d20000)]
  0x000000000300d000 JavaThread "Finalizer" daemon [_thread_blocked, id=2212, stack(0x0000000016a20000,0x0000000016b20000)]
  0x0000000003002000 JavaThread "Reference Handler" daemon [_thread_blocked, id=6516, stack(0x0000000016920000,0x0000000016a20000)]
  0x0000000002f12800 JavaThread "main" [_thread_blocked, id=3216, stack(0x0000000002dd0000,0x0000000002ed0000)]

Other Threads:
  0x0000000015775800 VMThread [stack: 0x0000000016820000,0x0000000016920000] [id=2880]
  0x0000000017154800 WatcherThread [stack: 0x0000000017620000,0x0000000017720000] [id=1896]

VM state:not at safepoint (normal execution)

VM Mutex/Monitor currently owned by a thread: None

Heap:
 PSYoungGen      total 138240K, used 94530K [0x00000000eab00000, 0x00000000f6100000, 0x0000000100000000)
  eden space 124928K, 67% used [0x00000000eab00000,0x00000000efd6c2e8,0x00000000f2500000)
  from space 13312K, 76% used [0x00000000f2500000,0x00000000f2ee48f0,0x00000000f3200000)
  to   space 13824K, 0% used [0x00000000f5380000,0x00000000f5380000,0x00000000f6100000)
 ParOldGen       total 123392K, used 18413K [0x00000000c0000000, 0x00000000c7880000, 0x00000000eab00000)
  object space 123392K, 14% used [0x00000000c0000000,0x00000000c11fb688,0x00000000c7880000)
 Metaspace       used 46912K, capacity 48126K, committed 48384K, reserved 1091584K
  class space    used 6291K, capacity 6546K, committed 6656K, reserved 1048576K

Card table byte_map: [0x00000000124a0000,0x00000000126b0000] byte_map_base: 0x0000000011ea0000

Marking Bits: (ParMarkBitMap*) 0x0000000055cb18f0
 Begin Bits: [0x0000000012c10000, 0x0000000013c10000)
 End Bits:   [0x0000000013c10000, 0x0000000014c10000)

Polling page: 0x00000000015b0000

CodeCache: size=245760Kb used=17268Kb max_used=17374Kb free=228491Kb
 bounds [0x00000000030e0000, 0x00000000041f0000, 0x00000000120e0000]
 total_blobs=6066 nmethods=5366 adapters=612
 compilation: enabled

Compilation events (10 events):
Event: 8.635 Thread 0x00000000157ba800 5748       3       org.gradle.util.Path::toString (5 bytes)
Event: 8.635 Thread 0x00000000157ba800 nmethod 5748 0x0000000003514a90 code [0x0000000003514be0, 0x0000000003514d50]
Event: 8.636 Thread 0x00000000157ba800 5749   !   3       java.io.ObjectStreamClass::lookup (335 bytes)
Event: 8.639 Thread 0x00000000157ba800 nmethod 5749 0x000000000399a9d0 code [0x000000000399aea0, 0x000000000399e488]
Event: 8.639 Thread 0x00000000157ba800 5750       3       sun.reflect.AccessorGenerator::getClassName (184 bytes)
Event: 8.641 Thread 0x00000000157ba800 nmethod 5750 0x0000000003998450 code [0x00000000039987a0, 0x000000000399a1d8]
Event: 8.642 Thread 0x00000000157b3800 nmethod 5595 0x0000000003513e90 code [0x0000000003514000, 0x0000000003514798]
Event: 8.642 Thread 0x00000000157b3800 5594  s    4       java.util.Hashtable::put (104 bytes)
Event: 8.659 Thread 0x00000000157b3800 nmethod 5594 0x0000000003b19710 code [0x0000000003b198e0, 0x0000000003b1a768]
Event: 8.659 Thread 0x00000000157b3800 5538       4       java.beans.Introspector::addMethod (196 bytes)

GC Heap History (10 events):
Event: 3.618 GC heap before
{Heap before GC invocations=5 (full 1):
 PSYoungGen      total 71680K, used 66560K [0x00000000eab00000, 0x00000000f3700000, 0x0000000100000000)
  eden space 66560K, 100% used [0x00000000eab00000,0x00000000eec00000,0x00000000eec00000)
  from space 5120K, 0% used [0x00000000eec00000,0x00000000eec00000,0x00000000ef100000)
  to   space 5120K, 0% used [0x00000000f3200000,0x00000000f3200000,0x00000000f3700000)
 ParOldGen       total 74752K, used 11817K [0x00000000c0000000, 0x00000000c4900000, 0x00000000eab00000)
  object space 74752K, 15% used [0x00000000c0000000,0x00000000c0b8a530,0x00000000c4900000)
 Metaspace       used 25758K, capacity 26222K, committed 26496K, reserved 1073152K
  class space    used 3548K, capacity 3675K, committed 3712K, reserved 1048576K
Event: 3.629 GC heap after
Heap after GC invocations=5 (full 1):
 PSYoungGen      total 93696K, used 5112K [0x00000000eab00000, 0x00000000f3700000, 0x0000000100000000)
  eden space 88576K, 0% used [0x00000000eab00000,0x00000000eab00000,0x00000000f0180000)
  from space 5120K, 99% used [0x00000000f3200000,0x00000000f36fe138,0x00000000f3700000)
  to   space 5120K, 0% used [0x00000000f2d00000,0x00000000f2d00000,0x00000000f3200000)
 ParOldGen       total 74752K, used 13990K [0x00000000c0000000, 0x00000000c4900000, 0x00000000eab00000)
  object space 74752K, 18% used [0x00000000c0000000,0x00000000c0da98b0,0x00000000c4900000)
 Metaspace       used 25758K, capacity 26222K, committed 26496K, reserved 1073152K
  class space    used 3548K, capacity 3675K, committed 3712K, reserved 1048576K
}
Event: 4.674 GC heap before
{Heap before GC invocations=6 (full 1):
 PSYoungGen      total 93696K, used 93688K [0x00000000eab00000, 0x00000000f3700000, 0x0000000100000000)
  eden space 88576K, 100% used [0x00000000eab00000,0x00000000f0180000,0x00000000f0180000)
  from space 5120K, 99% used [0x00000000f3200000,0x00000000f36fe138,0x00000000f3700000)
  to   space 5120K, 0% used [0x00000000f2d00000,0x00000000f2d00000,0x00000000f3200000)
 ParOldGen       total 74752K, used 13990K [0x00000000c0000000, 0x00000000c4900000, 0x00000000eab00000)
  object space 74752K, 18% used [0x00000000c0000000,0x00000000c0da98b0,0x00000000c4900000)
 Metaspace       used 28420K, capacity 28944K, committed 29184K, reserved 1075200K
  class space    used 3844K, capacity 4004K, committed 4096K, reserved 1048576K
Event: 4.684 GC heap after
Heap after GC invocations=6 (full 1):
 PSYoungGen      total 120320K, used 5106K [0x00000000eab00000, 0x00000000f3280000, 0x0000000100000000)
  eden space 115200K, 0% used [0x00000000eab00000,0x00000000eab00000,0x00000000f1b80000)
  from space 5120K, 99% used [0x00000000f2d00000,0x00000000f31fc960,0x00000000f3200000)
  to   space 512K, 0% used [0x00000000f3200000,0x00000000f3200000,0x00000000f3280000)
 ParOldGen       total 74752K, used 14926K [0x00000000c0000000, 0x00000000c4900000, 0x00000000eab00000)
  object space 74752K, 19% used [0x00000000c0000000,0x00000000c0e93b08,0x00000000c4900000)
 Metaspace       used 28420K, capacity 28944K, committed 29184K, reserved 1075200K
  class space    used 3844K, capacity 4004K, committed 4096K, reserved 1048576K
}
Event: 5.898 GC heap before
{Heap before GC invocations=7 (full 1):
 PSYoungGen      total 120320K, used 92018K [0x00000000eab00000, 0x00000000f3280000, 0x0000000100000000)
  eden space 115200K, 75% used [0x00000000eab00000,0x00000000effe0068,0x00000000f1b80000)
  from space 5120K, 99% used [0x00000000f2d00000,0x00000000f31fc960,0x00000000f3200000)
  to   space 512K, 0% used [0x00000000f3200000,0x00000000f3200000,0x00000000f3280000)
 ParOldGen       total 74752K, used 14926K [0x00000000c0000000, 0x00000000c4900000, 0x00000000eab00000)
  object space 74752K, 19% used [0x00000000c0000000,0x00000000c0e93b08,0x00000000c4900000)
 Metaspace       used 34722K, capacity 35292K, committed 35496K, reserved 1079296K
  class space    used 4650K, capacity 4818K, committed 4864K, reserved 1048576K
Event: 5.920 GC heap after
Heap after GC invocations=7 (full 1):
 PSYoungGen      total 125440K, used 480K [0x00000000eab00000, 0x00000000f5900000, 0x0000000100000000)
  eden space 124928K, 0% used [0x00000000eab00000,0x00000000eab00000,0x00000000f2500000)
  from space 512K, 93% used [0x00000000f3200000,0x00000000f3278010,0x00000000f3280000)
  to   space 13312K, 0% used [0x00000000f2500000,0x00000000f2500000,0x00000000f3200000)
 ParOldGen       total 74752K, used 26095K [0x00000000c0000000, 0x00000000c4900000, 0x00000000eab00000)
  object space 74752K, 34% used [0x00000000c0000000,0x00000000c197bdf8,0x00000000c4900000)
 Metaspace       used 34722K, capacity 35292K, committed 35496K, reserved 1079296K
  class space    used 4650K, capacity 4818K, committed 4864K, reserved 1048576K
}
Event: 5.920 GC heap before
{Heap before GC invocations=8 (full 2):
 PSYoungGen      total 125440K, used 480K [0x00000000eab00000, 0x00000000f5900000, 0x0000000100000000)
  eden space 124928K, 0% used [0x00000000eab00000,0x00000000eab00000,0x00000000f2500000)
  from space 512K, 93% used [0x00000000f3200000,0x00000000f3278010,0x00000000f3280000)
  to   space 13312K, 0% used [0x00000000f2500000,0x00000000f2500000,0x00000000f3200000)
 ParOldGen       total 74752K, used 26095K [0x00000000c0000000, 0x00000000c4900000, 0x00000000eab00000)
  object space 74752K, 34% used [0x00000000c0000000,0x00000000c197bdf8,0x00000000c4900000)
 Metaspace       used 34722K, capacity 35292K, committed 35496K, reserved 1079296K
  class space    used 4650K, capacity 4818K, committed 4864K, reserved 1048576K
Event: 6.035 GC heap after
Heap after GC invocations=8 (full 2):
 PSYoungGen      total 125440K, used 0K [0x00000000eab00000, 0x00000000f5900000, 0x0000000100000000)
  eden space 124928K, 0% used [0x00000000eab00000,0x00000000eab00000,0x00000000f2500000)
  from space 512K, 0% used [0x00000000f3200000,0x00000000f3200000,0x00000000f3280000)
  to   space 13312K, 0% used [0x00000000f2500000,0x00000000f2500000,0x00000000f3200000)
 ParOldGen       total 123392K, used 18341K [0x00000000c0000000, 0x00000000c7880000, 0x00000000eab00000)
  object space 123392K, 14% used [0x00000000c0000000,0x00000000c11e9678,0x00000000c7880000)
 Metaspace       used 34722K, capacity 35292K, committed 35496K, reserved 1079296K
  class space    used 4650K, capacity 4818K, committed 4864K, reserved 1048576K
}
Event: 7.532 GC heap before
{Heap before GC invocations=9 (full 2):
 PSYoungGen      total 125440K, used 124928K [0x00000000eab00000, 0x00000000f5900000, 0x0000000100000000)
  eden space 124928K, 100% used [0x00000000eab00000,0x00000000f2500000,0x00000000f2500000)
  from space 512K, 0% used [0x00000000f3200000,0x00000000f3200000,0x00000000f3280000)
  to   space 13312K, 0% used [0x00000000f2500000,0x00000000f2500000,0x00000000f3200000)
 ParOldGen       total 123392K, used 18341K [0x00000000c0000000, 0x00000000c7880000, 0x00000000eab00000)
  object space 123392K, 14% used [0x00000000c0000000,0x00000000c11e9678,0x00000000c7880000)
 Metaspace       used 42120K, capacity 42948K, committed 43264K, reserved 1087488K
  class space    used 5575K, capacity 5777K, committed 5888K, reserved 1048576K
Event: 7.542 GC heap after
Heap after GC invocations=9 (full 2):
 PSYoungGen      total 138240K, used 10130K [0x00000000eab00000, 0x00000000f6100000, 0x0000000100000000)
  eden space 124928K, 0% used [0x00000000eab00000,0x00000000eab00000,0x00000000f2500000)
  from space 13312K, 76% used [0x00000000f2500000,0x00000000f2ee48f0,0x00000000f3200000)
  to   space 13824K, 0% used [0x00000000f5380000,0x00000000f5380000,0x00000000f6100000)
 ParOldGen       total 123392K, used 18413K [0x00000000c0000000, 0x00000000c7880000, 0x00000000eab00000)
  object space 123392K, 14% used [0x00000000c0000000,0x00000000c11fb688,0x00000000c7880000)
 Metaspace       used 42120K, capacity 42948K, committed 43264K, reserved 1087488K
  class space    used 5575K, capacity 5777K, committed 5888K, reserved 1048576K
}

Deoptimization events (10 events):
Event: 8.425 Thread 0x000000001820a800 Uncommon trap: reason=class_check action=maybe_recompile pc=0x0000000003e42900 method=java.util.Hashtable.get(Ljava/lang/Object;)Ljava/lang/Object; @ 45
Event: 8.426 Thread 0x000000001820a800 Uncommon trap: reason=class_check action=maybe_recompile pc=0x0000000003e42900 method=java.util.Hashtable.get(Ljava/lang/Object;)Ljava/lang/Object; @ 45
Event: 8.430 Thread 0x000000001820a800 Uncommon trap: reason=unstable_if action=reinterpret pc=0x000000000327fc68 method=java.lang.String.replace(CC)Ljava/lang/String; @ 2
Event: 8.432 Thread 0x000000001820a800 Uncommon trap: reason=unstable_if action=reinterpret pc=0x00000000032637e0 method=groovy.lang.MetaClassImpl.checkIfStdMethod(Lgroovy/lang/MetaMethod;)V @ 79
Event: 8.432 Thread 0x000000001820a800 Uncommon trap: reason=unstable_if action=reinterpret pc=0x000000000419dfa0 method=groovy.lang.MetaClassImpl.checkIfStdMethod(Lgroovy/lang/MetaMethod;)V @ 79
Event: 8.432 Thread 0x000000001820a800 Uncommon trap: reason=bimorphic action=maybe_recompile pc=0x000000000384ac94 method=org.codehaus.groovy.runtime.metaclass.MetaMethodIndex.addMethodToList(Ljava/lang/Object;Lgroovy/lang/MetaMethod;)Ljava/lang/Object; @ 91
Event: 8.433 Thread 0x000000001820a800 Uncommon trap: reason=unstable_if action=reinterpret pc=0x0000000003872710 method=org.codehaus.groovy.runtime.metaclass.MetaMethodIndex.copyNonPrivateNonNewMetaMethods(Lorg/codehaus/groovy/runtime/metaclass/MetaMethodIndex$Entry;Lorg/codehaus/groovy/runtimÀGwx!@
Event: 8.530 Thread 0x000000001820a800 Uncommon trap: reason=class_check action=maybe_recompile pc=0x000000000323e9d8 method=com.google.common.collect.AbstractMapBasedMultimap$WrappedCollection.refreshIfEmpty()V @ 59
Event: 8.530 Thread 0x000000001820a800 Uncommon trap: reason=class_check action=maybe_recompile pc=0x000000000323e9d8 method=com.google.common.collect.AbstractMapBasedMultimap$WrappedCollection.refreshIfEmpty()V @ 59
Event: 8.634 Thread 0x000000001820a800 Uncommon trap: reason=unstable_if action=reinterpret pc=0x000000000411714c method=java.util.concurrent.ConcurrentHashMap.get(Ljava/lang/Object;)Ljava/lang/Object; @ 76

Internal exceptions (10 events):
Event: 8.521 Thread 0x000000001820a800 Exception <a 'java/lang/ClassNotFoundException': org/gradle/model/internal/core/NodeBackedModelMapBeanInfo> (0x00000000ef575f68) thrown at [C:\src\android\AOSP-openjdk\external\jetbrains\jdk\hotspot\src\share\vm\classfile\systemDictionary.cpp, line 210]
Event: 8.521 Thread 0x000000001820a800 Exception <a 'java/lang/ClassNotFoundException': org/gradle/model/internal/core/ModelMapGroovyViewBeanInfo> (0x00000000ef585980) thrown at [C:\src\android\AOSP-openjdk\external\jetbrains\jdk\hotspot\src\share\vm\classfile\systemDictionary.cpp, line 210]
Event: 8.521 Thread 0x000000001820a800 Exception <a 'java/lang/ClassNotFoundException': org/gradle/model/internal/core/ModelMapGroovyViewCustomizer> (0x00000000ef595d30) thrown at [C:\src\android\AOSP-openjdk\external\jetbrains\jdk\hotspot\src\share\vm\classfile\systemDictionary.cpp, line 210]
Event: 8.522 Thread 0x000000001820a800 Exception <a 'java/lang/ClassNotFoundException': org/gradle/model/internal/core/NodeBackedModelMapCustomizer> (0x00000000ef5b96c8) thrown at [C:\src\android\AOSP-openjdk\external\jetbrains\jdk\hotspot\src\share\vm\classfile\systemDictionary.cpp, line 210]
Event: 8.523 Thread 0x000000001820a800 Exception <a 'java/lang/ClassNotFoundException': org/gradle/platform/base/BinaryContainer_ImplCustomizer> (0x00000000ef616a80) thrown at [C:\src\android\AOSP-openjdk\external\jetbrains\jdk\hotspot\src\share\vm\classfile\systemDictionary.cpp, line 210]
Event: 8.592 Thread 0x000000001820a800 Exception <a 'java/lang/NoSuchMethodError': <clinit>> (0x00000000ef8e2b80) thrown at [C:\src\android\AOSP-openjdk\external\jetbrains\jdk\hotspot\src\share\vm\prims\jni.cpp, line 1613]
Event: 8.595 Thread 0x000000001820a800 Exception <a 'java/lang/NoSuchMethodError': <clinit>> (0x00000000ef8efb80) thrown at [C:\src\android\AOSP-openjdk\external\jetbrains\jdk\hotspot\src\share\vm\prims\jni.cpp, line 1613]
Event: 8.622 Thread 0x000000001820a800 Exception <a 'java/lang/NoSuchMethodError': <clinit>> (0x00000000efacc0a8) thrown at [C:\src\android\AOSP-openjdk\external\jetbrains\jdk\hotspot\src\share\vm\prims\jni.cpp, line 1613]
Event: 8.623 Thread 0x000000001820a800 Exception <a 'java/lang/NoSuchMethodError': <clinit>> (0x00000000efae48b8) thrown at [C:\src\android\AOSP-openjdk\external\jetbrains\jdk\hotspot\src\share\vm\prims\jni.cpp, line 1613]
Event: 8.623 Thread 0x000000001820a800 Exception <a 'java/lang/NoSuchMethodError': <clinit>> (0x00000000efae5dd0) thrown at [C:\src\android\AOSP-openjdk\external\jetbrains\jdk\hotspot\src\share\vm\prims\jni.cpp, line 1613]

Events (10 events):
Event: 8.634 loading class org/gradle/internal/logging/compatbridge/LoggingManagerInternalCompatibilityBridge done
Event: 8.634 Thread 0x000000001820a800 Uncommon trap: trap_request=0xffffff65 fr.pc=0x000000000411714c
Event: 8.634 Thread 0x000000001820a800 DEOPT PACKING pc=0x000000000411714c sp=0x0000000019b7cc90
Event: 8.634 Thread 0x000000001820a800 DEOPT UNPACKING pc=0x000000000312556a sp=0x0000000019b7cc10 mode 2
Event: 8.640 loading class org/gradle/api/internal/changedetection/changes/DefaultTaskArtifactStateRepository$TaskArtifactStateImpl
Event: 8.640 loading class org/gradle/api/internal/changedetection/changes/DefaultTaskArtifactStateRepository$TaskArtifactStateImpl done
Event: 8.643 loading class org/gradle/api/internal/changedetection/state/CacheBackedTaskHistoryRepository$2
Event: 8.643 loading class org/gradle/api/internal/changedetection/state/CacheBackedTaskHistoryRepository$2 done
Event: 8.645 loading class org/gradle/cache/internal/btree/FreeListBlockStore$FreeListEntry
Event: 8.645 loading class org/gradle/cache/internal/btree/FreeListBlockStore$FreeListEntry done


Dynamic libraries:
0x00007ff770fc0000 - 0x00007ff770ff1000 	C:\Program Files\Android\Android Studio\jre\bin\java.exe
0x00007ffb4ba60000 - 0x00007ffb4bc31000 	C:\WINDOWS\SYSTEM32\ntdll.dll
0x00007ffb4b1a0000 - 0x00007ffb4b24c000 	C:\WINDOWS\System32\KERNEL32.DLL
0x00007ffb48bf0000 - 0x00007ffb48e0d000 	C:\WINDOWS\System32\KERNELBASE.dll
0x00007ffb4b5e0000 - 0x00007ffb4b682000 	C:\WINDOWS\System32\ADVAPI32.dll
0x00007ffb4b3d0000 - 0x00007ffb4b46e000 	C:\WINDOWS\System32\msvcrt.dll
0x00007ffb4a840000 - 0x00007ffb4a899000 	C:\WINDOWS\System32\sechost.dll
0x00007ffb49010000 - 0x00007ffb49131000 	C:\WINDOWS\System32\RPCRT4.dll
0x00007ffb4b6f0000 - 0x00007ffb4b855000 	C:\WINDOWS\System32\USER32.dll
0x00007ffb48e10000 - 0x00007ffb48e2e000 	C:\WINDOWS\System32\win32u.dll
0x00007ffb4a7f0000 - 0x00007ffb4a824000 	C:\WINDOWS\System32\GDI32.dll
0x00007ffb47f60000 - 0x00007ffb480e0000 	C:\WINDOWS\System32\gdi32full.dll
0x00007ffb3ad90000 - 0x00007ffb3b00a000 	C:\WINDOWS\WinSxS\amd64_microsoft.windows.common-controls_6595b64144ccf1df_6.0.14393.953_none_42151e83c686086b\COMCTL32.dll
0x00007ffb4ae70000 - 0x00007ffb4b138000 	C:\WINDOWS\System32\combase.dll
0x00007ffb48190000 - 0x00007ffb48285000 	C:\WINDOWS\System32\ucrtbase.dll
0x00007ffb48f80000 - 0x00007ffb48fea000 	C:\WINDOWS\System32\bcryptPrimitives.dll
0x00007ffb4ae30000 - 0x00007ffb4ae5e000 	C:\WINDOWS\System32\IMM32.DLL
0x0000000055d30000 - 0x0000000055e02000 	C:\Program Files\Android\Android Studio\jre\jre\bin\msvcr100.dll
0x00000000554f0000 - 0x0000000055d2c000 	C:\Program Files\Android\Android Studio\jre\jre\bin\server\jvm.dll
0x00007ffb4b2c0000 - 0x00007ffb4b2c8000 	C:\WINDOWS\System32\PSAPI.DLL
0x00007ffb3a0d0000 - 0x00007ffb3a0d9000 	C:\WINDOWS\SYSTEM32\WSOCK32.dll
0x00007ffb45ca0000 - 0x00007ffb45cc3000 	C:\WINDOWS\SYSTEM32\WINMM.dll
0x00007ffb4b250000 - 0x00007ffb4b2ba000 	C:\WINDOWS\System32\WS2_32.dll
0x00007ffb3ac00000 - 0x00007ffb3ac0a000 	C:\WINDOWS\SYSTEM32\VERSION.dll
0x00007ffb45c70000 - 0x00007ffb45c9b000 	C:\WINDOWS\SYSTEM32\WINMMBASE.dll
0x00007ffb48ed0000 - 0x00007ffb48f12000 	C:\WINDOWS\System32\cfgmgr32.dll
0x00007ffb45590000 - 0x00007ffb4559f000 	C:\Program Files\Android\Android Studio\jre\jre\bin\verify.dll
0x00007ffb3fca0000 - 0x00007ffb3fcc9000 	C:\Program Files\Android\Android Studio\jre\jre\bin\java.dll
0x00007ffb44c20000 - 0x00007ffb44c36000 	C:\Program Files\Android\Android Studio\jre\jre\bin\zip.dll
0x00007ffb49140000 - 0x00007ffb4a648000 	C:\WINDOWS\System32\SHELL32.dll
0x00007ffb48290000 - 0x00007ffb4896a000 	C:\WINDOWS\System32\windows.storage.dll
0x00007ffb47ef0000 - 0x00007ffb47f3c000 	C:\WINDOWS\System32\powrprof.dll
0x00007ffb4b370000 - 0x00007ffb4b3c2000 	C:\WINDOWS\System32\shlwapi.dll
0x00007ffb47f40000 - 0x00007ffb47f4f000 	C:\WINDOWS\System32\kernel.appcore.dll
0x00007ffb48b40000 - 0x00007ffb48be9000 	C:\WINDOWS\System32\shcore.dll
0x00007ffb47ed0000 - 0x00007ffb47ee4000 	C:\WINDOWS\System32\profapi.dll
0x00007ffb43230000 - 0x00007ffb4324a000 	C:\Program Files\Android\Android Studio\jre\jre\bin\net.dll
0x00007ffb47800000 - 0x00007ffb4785c000 	C:\WINDOWS\system32\mswsock.dll
0x00007ffb3fc80000 - 0x00007ffb3fc91000 	C:\Program Files\Android\Android Studio\jre\jre\bin\nio.dll
0x00007ffb3f5e0000 - 0x00007ffb3f5f2000 	C:\Users\roberto\.gradle\native\19\windows-amd64\native-platform.dll
0x00007ffb479a0000 - 0x00007ffb479b7000 	C:\WINDOWS\SYSTEM32\CRYPTSP.dll
0x00007ffb47400000 - 0x00007ffb47433000 	C:\WINDOWS\system32\rsaenh.dll
0x00007ffb47ab0000 - 0x00007ffb47adb000 	C:\WINDOWS\SYSTEM32\bcrypt.dll
0x00007ffb47680000 - 0x00007ffb4769f000 	C:\WINDOWS\SYSTEM32\USERENV.dll
0x00007ffb479c0000 - 0x00007ffb479cb000 	C:\WINDOWS\SYSTEM32\CRYPTBASE.dll
0x00007ffb47580000 - 0x00007ffb475b8000 	C:\WINDOWS\SYSTEM32\IPHLPAPI.DLL
0x00007ffb4ae60000 - 0x00007ffb4ae68000 	C:\WINDOWS\System32\NSI.dll
0x00007ffb40930000 - 0x00007ffb40946000 	C:\WINDOWS\SYSTEM32\dhcpcsvc6.DLL
0x00007ffb40910000 - 0x00007ffb4092a000 	C:\WINDOWS\SYSTEM32\dhcpcsvc.DLL
0x00007ffb45480000 - 0x00007ffb4548d000 	C:\Program Files\Android\Android Studio\jre\jre\bin\management.dll

VM Arguments:
jvm_args: -XX:MaxPermSize=256m -XX:+HeapDumpOnOutOfMemoryError -Xmx1024m -Dfile.encoding=windows-1252 -Duser.country=CH -Duser.language=it -Duser.variant 
java_command: org.gradle.launcher.daemon.bootstrap.GradleDaemon 2.14.1
java_class_path (initial): C:\Users\roberto\.gradle\wrapper\dists\gradle-2.14.1-all\8bnwg5hd3w55iofp58khbp6yv\gradle-2.14.1\lib\gradle-launcher-2.14.1.jar
Launcher Type: SUN_STANDARD

Environment Variables:
JAVA_HOME=C:\Program Files (x86)\Java\jdk1.8.0_65
PATH=C:\ProgramData\Oracle\Java\javapath;C:\Program Files (x86)\Intel\iCLS Client\;C:\Program Files\Intel\iCLS Client\;C:\Windows\system32;C:\Windows;C:\Windows\System32\Wbem;C:\Windows\System32\WindowsPowerShell\v1.0\;C:\Program Files\Intel\WiFi\bin\;C:\Program Files\Common Files\Intel\WirelessCommon\;C:\Program Files (x86)\Intel\OpenCL SDK\3.0\bin\x86;C:\Program Files (x86)\Intel\OpenCL SDK\3.0\bin\x64;C:\Program Files\Intel\Intel(R) Management Engine Components\DAL;C:\Program Files\Intel\Intel(R) Management Engine Components\IPT;C:\Program Files (x86)\Intel\Intel(R) Management Engine Components\DAL;C:\Program Files (x86)\Intel\Intel(R) Management Engine Components\IPT;C:\Program Files\Sony\VAIO Improvement;C:\Program Files (x86)\Sony\VAIO BIOS Data Transfer Utility\;C:\Program Files (x86)\Sony\VAIO Startup Setting Tool;C:\Program Files\nodejs\;C:\Users\roberto\AppData\Local\Smartbar\Application\;C:\WINDOWS\system32;C:\WINDOWS;C:\WINDOWS\System32\Wbem;C:\WINDOWS\System32\WindowsPowerShell\v1.0\;C:\ProgramData\Oracle\Java\javapath2;C:\Program Files (x86)\Java\jre1.8.0_65\bin;C:\Program Files (x86)\LyX 2.2\Perl\bin;C:\Program Files (x86)\Windows Kits\10\Windows Performance Toolkit\;C:\Program Files (x86)\Skype\Phone\;C:\Program Files\Git\cmd;c:\jruby-9.1.8.0\bin;c:\users\roberto\appdata\local\enthought\canopy\user\scripts;C:\Users\roberto\AppData\Local\Enthought\Canopy\User;C:\Users\roberto\AppData\Local\Enthought\Canopy\User\Scripts;C:\Users\roberto\AppData\Local\Programs\MiKTeX 2.9\miktex\bin\;C:\Program Files (x86)\Google\google_appengine\;C:\Users\roberto\AppData\Local\Microsoft\WindowsApps;C:\Program Files\Java\jdk1.8.0_121\bin;C:\Program Files\gnuplot\bin;C:\Program Files\Heroku\bin
USERNAME=roberto
OS=Windows_NT
PROCESSOR_IDENTIFIER=Intel64 Family 6 Model 69 Stepping 1, GenuineIntel



---------------  S Y S T E M  ---------------

OS: Windows 10.0 , 64 bit Build 14393 (10.0.14393.1198)

CPU:total 4 (2 cores per cpu, 2 threads per core) family 6 model 69 stepping 1, cmov, cx8, fxsr, mmx, sse, sse2, sse3, ssse3, sse4.1, sse4.2, popcnt, avx, avx2, aes, clmul, erms, lzcnt, ht, tsc, tscinvbit, bmi1, bmi2

Memory: 4k page, physical 8293232k(1561728k free), swap 9534308k(6452k free)

vm_info: OpenJDK 64-Bit Server VM (25.112-b06) for windows-amd64 JRE (1.8.0_112-release-b06), built on Dec  8 2016 00:54:26 by "builder" with MS VC++ 10.0 (VS2010)

time: Tue Sep 26 11:42:22 2017
elapsed time: 8 seconds (0d 0h 0m 8s)

