#
# There is insufficient memory for the Java Runtime Environment to continue.
# Native memory allocation (malloc) failed to allocate 262160 bytes for Chunk::new
# Possible reasons:
#   The system is out of physical RAM or swap space
#   In 32 bit mode, the process size limit was hit
# Possible solutions:
#   Reduce memory load on the system
#   Increase physical memory or swap space
#   Check if swap backing store is full
#   Use 64 bit Java on a 64 bit OS
#   Decrease Java heap size (-Xmx/-Xms)
#   Decrease number of Java threads
#   Decrease Java thread stack sizes (-Xss)
#   Set larger code cache with -XX:ReservedCodeCacheSize=
# This output file may be truncated or incomplete.
#
#  Out of Memory Error (allocation.cpp:390), pid=5320, tid=0x00000000000007cc
#
# JRE version: OpenJDK Runtime Environment (8.0_112-b06) (build 1.8.0_112-release-b06)
# Java VM: OpenJDK 64-Bit Server VM (25.112-b06 mixed mode windows-amd64 compressed oops)
# Failed to write core dump. Minidumps are not enabled by default on client versions of Windows
#

---------------  T H R E A D  ---------------

Current thread (0x00000000152cd000):  JavaThread "C2 CompilerThread0" daemon [_thread_in_native, id=1996, stack(0x0000000016930000,0x0000000016a30000)]

Stack: [0x0000000016930000,0x0000000016a30000]
[error occurred during error reporting (printing stack bounds), id 0xc0000005]

Native frames: (J=compiled Java code, j=interpreted, Vv=VM code, C=native code)


Current CompileTask:
C2:  37405 6632       4       sun.reflect.generics.parser.SignatureParser::parsePackageNameAndSimpleClassTypeSignature (139 bytes)


---------------  P R O C E S S  ---------------

Java Threads: ( => current thread )
  0x0000000018913800 JavaThread "File lock request listener" [_thread_in_native, id=5004, stack(0x000000001af30000,0x000000001b030000)]
  0x0000000017d3c000 JavaThread "Stdin handler" [_thread_blocked, id=6156, stack(0x0000000019860000,0x0000000019960000)]
  0x0000000018004000 JavaThread "Asynchronous log dispatcher for org.gradle.launcher.daemon.server.DefaultDaemonConnection@4815adc2" [_thread_blocked, id=856, stack(0x0000000019760000,0x0000000019860000)]
  0x0000000018002000 JavaThread "Daemon worker" [_thread_blocked, id=6676, stack(0x0000000019660000,0x0000000019760000)]
  0x0000000018000000 JavaThread "Cancel handler" [_thread_blocked, id=5832, stack(0x0000000019560000,0x0000000019660000)]
  0x0000000017fe6000 JavaThread "Handler for socket connection from /127.0.0.1:59041 to /127.0.0.1:59043" [_thread_in_native, id=120, stack(0x0000000019460000,0x0000000019560000)]
  0x0000000017fe5800 JavaThread "Daemon" [_thread_blocked, id=8456, stack(0x0000000019360000,0x0000000019460000)]
  0x0000000017da8800 JavaThread "pool-1-thread-1" [_thread_blocked, id=1328, stack(0x0000000019260000,0x0000000019360000)]
  0x000000001832d000 JavaThread "Incoming local TCP Connector on port 59041" [_thread_in_native, id=10180, stack(0x0000000017a30000,0x0000000017b30000)]
  0x0000000016b45800 JavaThread "Service Thread" daemon [_thread_blocked, id=7736, stack(0x0000000017030000,0x0000000017130000)]
  0x000000001532d000 JavaThread "C1 CompilerThread2" daemon [_thread_in_native, id=2864, stack(0x0000000016f30000,0x0000000017030000)]
  0x00000000152d0000 JavaThread "C2 CompilerThread1" daemon [_thread_in_native, id=3936, stack(0x0000000016a30000,0x0000000016b30000)]
=>0x00000000152cd000 JavaThread "C2 CompilerThread0" daemon [_thread_in_native, id=1996, stack(0x0000000016930000,0x0000000016a30000)]
  0x00000000152cb800 JavaThread "Attach Listener" daemon [_thread_blocked, id=6708, stack(0x0000000016830000,0x0000000016930000)]
  0x00000000152ca000 JavaThread "Signal Dispatcher" daemon [_thread_blocked, id=8848, stack(0x0000000016730000,0x0000000016830000)]
  0x0000000002bfc800 JavaThread "Finalizer" daemon [_thread_blocked, id=7864, stack(0x0000000016530000,0x0000000016630000)]
  0x0000000002bf2000 JavaThread "Reference Handler" daemon [_thread_blocked, id=1336, stack(0x0000000016430000,0x0000000016530000)]
  0x0000000002b02800 JavaThread "main" [_thread_blocked, id=7776, stack(0x0000000002a00000,0x0000000002b00000)]

Other Threads:
  0x0000000015295800 VMThread [stack: 0x0000000016330000,0x0000000016430000] [id=2208]
  0x0000000016b47000 WatcherThread [stack: 0x0000000017130000,0x0000000017230000] [id=2552]

VM state:at safepoint (normal execution)

VM Mutex/Monitor currently owned by a thread:  ([mutex/lock_event])
[0x000000000287e540] Threads_lock - owner thread: 0x0000000015295800
[0x000000000287d940] Heap_lock - owner thread: 0x0000000018002000

Heap:
 PSYoungGen      total 168448K, used 9056K [0x00000000eab00000, 0x00000000f8c00000, 0x0000000100000000)
  eden space 148480K, 0% used [0x00000000eab00000,0x00000000eab00000,0x00000000f3c00000)
  from space 19968K, 45% used [0x00000000f3c00000,0x00000000f44d8000,0x00000000f4f80000)
  to   space 19456K, 0% used [0x00000000f7900000,0x00000000f7900000,0x00000000f8c00000)
 ParOldGen       total 84480K, used 36832K [0x00000000c0000000, 0x00000000c5280000, 0x00000000eab00000)
  object space 84480K, 43% used [0x00000000c0000000,0x00000000c23f82d0,0x00000000c5280000)
 Metaspace       used 54181K, capacity 55850K, committed 55856K, reserved 1101824K
  class space    used 7353K, capacity 7724K, committed 7728K, reserved 1048576K

Card table byte_map: [0x0000000011fc0000,0x00000000121d0000] byte_map_base: 0x00000000119c0000

Marking Bits: (ParMarkBitMap*) 0x0000000055cb18f0
 Begin Bits: [0x0000000012730000, 0x0000000013730000)
 End Bits:   [0x0000000013730000, 0x0000000014730000)

Polling page: 0x0000000000cf0000

CodeCache: size=245760Kb used=20116Kb max_used=20116Kb free=225643Kb
 bounds [0x0000000002c00000, 0x0000000003fc0000, 0x0000000011c00000]
 total_blobs=6663 nmethods=5924 adapters=651
 compilation: enabled

Compilation events (10 events):
Event: 37.105 Thread 0x000000001532d000 6674       3       org.codehaus.groovy.reflection.ParameterTypes::isValidExactMethod (36 bytes)
Event: 37.105 Thread 0x000000001532d000 nmethod 6674 0x0000000003fb3cd0 code [0x0000000003fb3e60, 0x0000000003fb41c8]
Event: 37.106 Thread 0x000000001532d000 6675       3       groovy.lang.MetaClassImpl::getMetaProperty (100 bytes)
Event: 37.107 Thread 0x000000001532d000 nmethod 6675 0x0000000003fb4390 code [0x0000000003fb45e0, 0x0000000003fb5638]
Event: 37.107 Thread 0x000000001532d000 6676       3       org.codehaus.groovy.runtime.typehandling.DefaultTypeTransformation::castToType (143 bytes)
Event: 37.108 Thread 0x000000001532d000 nmethod 6676 0x0000000003fb5c90 code [0x0000000003fb5f80, 0x0000000003fb73f8]
Event: 37.108 Thread 0x000000001532d000 6678       3       org.codehaus.groovy.runtime.typehandling.DefaultTypeTransformation::box (14 bytes)
Event: 37.109 Thread 0x000000001532d000 nmethod 6678 0x0000000003fb79d0 code [0x0000000003fb7b20, 0x0000000003fb7cb0]
Event: 37.109 Thread 0x000000001532d000 6677       3       org.codehaus.groovy.runtime.ArrayUtil::createArray (9 bytes)
Event: 37.109 Thread 0x000000001532d000 nmethod 6677 0x0000000003fb7d50 code [0x0000000003fb7ec0, 0x0000000003fb81b0]

GC Heap History (10 events):
Event: 7.675 GC heap before
{Heap before GC invocations=8 (full 1):
 PSYoungGen      total 111104K, used 109189K [0x00000000eab00000, 0x00000000f2380000, 0x0000000100000000)
  eden space 101888K, 100% used [0x00000000eab00000,0x00000000f0e80000,0x00000000f0e80000)
  from space 9216K, 79% used [0x00000000f1a80000,0x00000000f21a1458,0x00000000f2380000)
  to   space 10752K, 0% used [0x00000000f0e80000,0x00000000f0e80000,0x00000000f1900000)
 ParOldGen       total 65024K, used 15060K [0x00000000c0000000, 0x00000000c3f80000, 0x00000000eab00000)
  object space 65024K, 23% used [0x00000000c0000000,0x00000000c0eb5308,0x00000000c3f80000)
 Metaspace       used 34145K, capacity 34888K, committed 35120K, reserved 1079296K
  class space    used 4620K, capacity 4849K, committed 4912K, reserved 1048576K
Event: 7.696 GC heap after
Heap after GC invocations=8 (full 1):
 PSYoungGen      total 112640K, used 10739K [0x00000000eab00000, 0x00000000f5b80000, 0x0000000100000000)
  eden space 101888K, 0% used [0x00000000eab00000,0x00000000eab00000,0x00000000f0e80000)
  from space 10752K, 99% used [0x00000000f0e80000,0x00000000f18fcea8,0x00000000f1900000)
  to   space 12288K, 0% used [0x00000000f4f80000,0x00000000f4f80000,0x00000000f5b80000)
 ParOldGen       total 65024K, used 15686K [0x00000000c0000000, 0x00000000c3f80000, 0x00000000eab00000)
  object space 65024K, 24% used [0x00000000c0000000,0x00000000c0f51800,0x00000000c3f80000)
 Metaspace       used 34145K, capacity 34888K, committed 35120K, reserved 1079296K
  class space    used 4620K, capacity 4849K, committed 4912K, reserved 1048576K
}
Event: 7.769 GC heap before
{Heap before GC invocations=9 (full 1):
 PSYoungGen      total 112640K, used 16695K [0x00000000eab00000, 0x00000000f5b80000, 0x0000000100000000)
  eden space 101888K, 5% used [0x00000000eab00000,0x00000000eb0d0ea0,0x00000000f0e80000)
  from space 10752K, 99% used [0x00000000f0e80000,0x00000000f18fcea8,0x00000000f1900000)
  to   space 12288K, 0% used [0x00000000f4f80000,0x00000000f4f80000,0x00000000f5b80000)
 ParOldGen       total 65024K, used 15686K [0x00000000c0000000, 0x00000000c3f80000, 0x00000000eab00000)
  object space 65024K, 24% used [0x00000000c0000000,0x00000000c0f51800,0x00000000c3f80000)
 Metaspace       used 34637K, capacity 35380K, committed 35496K, reserved 1079296K
  class space    used 4687K, capacity 4883K, committed 4912K, reserved 1048576K
Event: 7.782 GC heap after
Heap after GC invocations=9 (full 1):
 PSYoungGen      total 168960K, used 7700K [0x00000000eab00000, 0x00000000f7400000, 0x0000000100000000)
  eden space 156672K, 0% used [0x00000000eab00000,0x00000000eab00000,0x00000000f4400000)
  from space 12288K, 62% used [0x00000000f4f80000,0x00000000f57053e0,0x00000000f5b80000)
  to   space 11776K, 0% used [0x00000000f4400000,0x00000000f4400000,0x00000000f4f80000)
 ParOldGen       total 65024K, used 15694K [0x00000000c0000000, 0x00000000c3f80000, 0x00000000eab00000)
  object space 65024K, 24% used [0x00000000c0000000,0x00000000c0f53800,0x00000000c3f80000)
 Metaspace       used 34637K, capacity 35380K, committed 35496K, reserved 1079296K
  class space    used 4687K, capacity 4883K, committed 4912K, reserved 1048576K
}
Event: 7.782 GC heap before
{Heap before GC invocations=10 (full 2):
 PSYoungGen      total 168960K, used 7700K [0x00000000eab00000, 0x00000000f7400000, 0x0000000100000000)
  eden space 156672K, 0% used [0x00000000eab00000,0x00000000eab00000,0x00000000f4400000)
  from space 12288K, 62% used [0x00000000f4f80000,0x00000000f57053e0,0x00000000f5b80000)
  to   space 11776K, 0% used [0x00000000f4400000,0x00000000f4400000,0x00000000f4f80000)
 ParOldGen       total 65024K, used 15694K [0x00000000c0000000, 0x00000000c3f80000, 0x00000000eab00000)
  object space 65024K, 24% used [0x00000000c0000000,0x00000000c0f53800,0x00000000c3f80000)
 Metaspace       used 34637K, capacity 35380K, committed 35496K, reserved 1079296K
  class space    used 4687K, capacity 4883K, committed 4912K, reserved 1048576K
Event: 7.903 GC heap after
Heap after GC invocations=10 (full 2):
 PSYoungGen      total 168960K, used 0K [0x00000000eab00000, 0x00000000f7400000, 0x0000000100000000)
  eden space 156672K, 0% used [0x00000000eab00000,0x00000000eab00000,0x00000000f4400000)
  from space 12288K, 0% used [0x00000000f4f80000,0x00000000f4f80000,0x00000000f5b80000)
  to   space 11776K, 0% used [0x00000000f4400000,0x00000000f4400000,0x00000000f4f80000)
 ParOldGen       total 84480K, used 14643K [0x00000000c0000000, 0x00000000c5280000, 0x00000000eab00000)
  object space 84480K, 17% used [0x00000000c0000000,0x00000000c0e4ce28,0x00000000c5280000)
 Metaspace       used 34637K, capacity 35380K, committed 35496K, reserved 1079296K
  class space    used 4687K, capacity 4883K, committed 4912K, reserved 1048576K
}
Event: 9.795 GC heap before
{Heap before GC invocations=11 (full 2):
 PSYoungGen      total 168960K, used 156672K [0x00000000eab00000, 0x00000000f7400000, 0x0000000100000000)
  eden space 156672K, 100% used [0x00000000eab00000,0x00000000f4400000,0x00000000f4400000)
  from space 12288K, 0% used [0x00000000f4f80000,0x00000000f4f80000,0x00000000f5b80000)
  to   space 11776K, 0% used [0x00000000f4400000,0x00000000f4400000,0x00000000f4f80000)
 ParOldGen       total 84480K, used 14643K [0x00000000c0000000, 0x00000000c5280000, 0x00000000eab00000)
  object space 84480K, 17% used [0x00000000c0000000,0x00000000c0e4ce28,0x00000000c5280000)
 Metaspace       used 44204K, capacity 45228K, committed 45360K, reserved 1089536K
  class space    used 5904K, capacity 6128K, committed 6192K, reserved 1048576K
Event: 9.816 GC heap after
Heap after GC invocations=11 (full 2):
 PSYoungGen      total 168448K, used 11767K [0x00000000eab00000, 0x00000000f7400000, 0x0000000100000000)
  eden space 156672K, 0% used [0x00000000eab00000,0x00000000eab00000,0x00000000f4400000)
  from space 11776K, 99% used [0x00000000f4400000,0x00000000f4f7de08,0x00000000f4f80000)
  to   space 12288K, 0% used [0x00000000f4f80000,0x00000000f4f80000,0x00000000f5b80000)
 ParOldGen       total 84480K, used 16401K [0x00000000c0000000, 0x00000000c5280000, 0x00000000eab00000)
  object space 84480K, 19% used [0x00000000c0000000,0x00000000c1004408,0x00000000c5280000)
 Metaspace       used 44204K, capacity 45228K, committed 45360K, reserved 1089536K
  class space    used 5904K, capacity 6128K, committed 6192K, reserved 1048576K
}
Event: 19.957 GC heap before
{Heap before GC invocations=12 (full 2):
 PSYoungGen      total 168448K, used 168439K [0x00000000eab00000, 0x00000000f7400000, 0x0000000100000000)
  eden space 156672K, 100% used [0x00000000eab00000,0x00000000f4400000,0x00000000f4400000)
  from space 11776K, 99% used [0x00000000f4400000,0x00000000f4f7de08,0x00000000f4f80000)
  to   space 12288K, 0% used [0x00000000f4f80000,0x00000000f4f80000,0x00000000f5b80000)
 ParOldGen       total 84480K, used 16401K [0x00000000c0000000, 0x00000000c5280000, 0x00000000eab00000)
  object space 84480K, 19% used [0x00000000c0000000,0x00000000c1004408,0x00000000c5280000)
 Metaspace       used 53288K, capacity 54720K, committed 54960K, reserved 1097728K
  class space    used 7203K, capacity 7530K, committed 7600K, reserved 1048576K
Event: 20.004 GC heap after
Heap after GC invocations=12 (full 2):
 PSYoungGen      total 160768K, used 12273K [0x00000000eab00000, 0x00000000f9d80000, 0x0000000100000000)
  eden space 148480K, 0% used [0x00000000eab00000,0x00000000eab00000,0x00000000f3c00000)
  from space 12288K, 99% used [0x00000000f4f80000,0x00000000f5b7c4e0,0x00000000f5b80000)
  to   space 19968K, 0% used [0x00000000f3c00000,0x00000000f3c00000,0x00000000f4f80000)
 ParOldGen       total 84480K, used 31603K [0x00000000c0000000, 0x00000000c5280000, 0x00000000eab00000)
  object space 84480K, 37% used [0x00000000c0000000,0x00000000c1edce08,0x00000000c5280000)
 Metaspace       used 53288K, capacity 54720K, committed 54960K, reserved 1097728K
  class space    used 7203K, capacity 7530K, committed 7600K, reserved 1048576K
}

Deoptimization events (10 events):
Event: 11.766 Thread 0x0000000018002000 Uncommon trap: reason=class_check action=maybe_recompile pc=0x0000000003a9a668 method=java.util.Properties$LineReader.readLine()I @ 410
Event: 11.766 Thread 0x0000000018002000 Uncommon trap: reason=predicate action=maybe_recompile pc=0x00000000033148d0 method=sun.security.provider.DigestBase.implCompressMultiBlock([BII)I @ 5
Event: 11.777 Thread 0x0000000018002000 Uncommon trap: reason=unstable_if action=reinterpret pc=0x0000000003bcaf14 method=java.util.HashMap$HashIterator.<init>(Ljava/util/HashMap;)V @ 45
Event: 11.927 Thread 0x0000000018002000 Uncommon trap: reason=unstable_if action=reinterpret pc=0x0000000003818bac method=java.lang.CharacterDataLatin1.digit(II)I @ 60
Event: 11.929 Thread 0x0000000018002000 Uncommon trap: reason=unstable_if action=reinterpret pc=0x00000000038178e4 method=java.lang.CharacterDataLatin1.digit(II)I @ 60
Event: 24.852 Thread 0x0000000018004000 Uncommon trap: reason=unstable_if action=reinterpret pc=0x0000000003747674 method=java.util.concurrent.locks.ReentrantLock$Sync.nonfairTryAcquire(I)Z @ 34
Event: 26.598 Thread 0x0000000018002000 Uncommon trap: reason=unstable_if action=reinterpret pc=0x0000000002e92308 method=java.io.BufferedOutputStream.write([BII)V @ 35
Event: 26.878 Thread 0x0000000018002000 Uncommon trap: reason=unstable_if action=reinterpret pc=0x0000000002dc3e1c method=java.util.concurrent.locks.ReentrantLock$Sync.nonfairTryAcquire(I)Z @ 34
Event: 26.879 Thread 0x0000000018002000 Uncommon trap: reason=unstable_if action=reinterpret pc=0x00000000037e86f4 method=java.util.concurrent.locks.ReentrantLock$Sync.nonfairTryAcquire(I)Z @ 34
Event: 27.007 Thread 0x0000000018002000 Uncommon trap: reason=unstable_if action=reinterpret pc=0x0000000002e92b2c method=java.io.BufferedOutputStream.write([BII)V @ 35

Internal exceptions (10 events):
Event: 37.078 Thread 0x0000000018002000 Exception <a 'java/lang/ClassNotFoundException': groovy/lang/GroovyObjectBeanInfo> (0x00000000ed3ab1a8) thrown at [C:\src\android\AOSP-openjdk\external\jetbrains\jdk\hotspot\src\share\vm\classfile\systemDictionary.cpp, line 210]
Event: 37.078 Thread 0x0000000018002000 Exception <a 'java/lang/ClassNotFoundException': groovy/lang/GroovyObjectCustomizer> (0x00000000ed3b7828) thrown at [C:\src\android\AOSP-openjdk\external\jetbrains\jdk\hotspot\src\share\vm\classfile\systemDictionary.cpp, line 210]
Event: 37.080 Thread 0x0000000018002000 Exception <a 'java/lang/ClassNotFoundException': org/gradle/internal/component/external/model/DefaultModuleComponentArtifactIdentifierBeanInfo> (0x00000000ed3fbcc8) thrown at [C:\src\android\AOSP-openjdk\external\jetbrains\jdk\hotspot\src\share\vm\classfilô>þTŠB@
Event: 37.081 Thread 0x0000000018002000 Exception <a 'java/lang/ClassNotFoundException': org/gradle/internal/component/external/model/DefaultModuleComponentArtifactIdentifierCustomizer> (0x00000000ed426698) thrown at [C:\src\android\AOSP-openjdk\external\jetbrains\jdk\hotspot\src\share\vm\classf¯e2‡¬ŠB@
Event: 37.083 Thread 0x0000000018002000 Exception <a 'java/lang/ClassNotFoundException': org/jetbrains/plugins/gradle/model/DefaultExternalLibraryDependencyBeanInfo> (0x00000000ed46a5c0) thrown at [C:\src\android\AOSP-openjdk\external\jetbrains\jdk\hotspot\src\share\vm\classfile\systemDictionary¢d•´ŠB@
Event: 37.084 Thread 0x0000000018002000 Exception <a 'java/lang/ClassNotFoundException': org/jetbrains/plugins/gradle/model/AbstractExternalDependencyBeanInfo> (0x00000000ed4775d0) thrown at [C:\src\android\AOSP-openjdk\external\jetbrains\jdk\hotspot\src\share\vm\classfile\systemDictionary.cpp, ”cø·»ŠB@
Event: 37.084 Thread 0x0000000018002000 Exception <a 'java/lang/ClassNotFoundException': org/jetbrains/plugins/gradle/model/AbstractExternalDependencyCustomizer> (0x00000000ed4845a0) thrown at [C:\src\android\AOSP-openjdk\external\jetbrains\jdk\hotspot\src\share\vm\classfile\systemDictionary.cpp³öÊËŠB@
Event: 37.084 Thread 0x0000000018002000 Exception <a 'java/lang/ClassNotFoundException': org/jetbrains/plugins/gradle/model/DefaultExternalLibraryDependencyCustomizer> (0x00000000ed4ae4a8) thrown at [C:\src\android\AOSP-openjdk\external\jetbrains\jdk\hotspot\src\share\vm\classfile\systemDictiona(r÷´Å‹B@
Event: 37.092 Thread 0x0000000018002000 Exception <a 'java/lang/ClassNotFoundException': org/gradle/api/internal/artifacts/result/DefaultResolvedArtifactResultBeanInfo> (0x00000000ed52f8f8) thrown at [C:\src\android\AOSP-openjdk\external\jetbrains\jdk\hotspot\src\share\vm\classfile\systemDiction
Event: 37.092 Thread 0x0000000018002000 Exception <a 'java/lang/ClassNotFoundException': org/gradle/api/internal/artifacts/result/DefaultResolvedArtifactResultCustomizer> (0x00000000ed5550e8) thrown at [C:\src\android\AOSP-openjdk\external\jetbrains\jdk\hotspot\src\share\vm\classfile\systemDicti!ºnqõ‰B@

Events (10 events):
Event: 37.098 loading class org/codehaus/groovy/runtime/dgm$7
Event: 37.098 loading class org/codehaus/groovy/runtime/dgm$7 done
Event: 37.099 loading class org/codehaus/groovy/runtime/dgm$4
Event: 37.099 loading class org/codehaus/groovy/runtime/dgm$4 done
Event: 37.099 loading class org/codehaus/groovy/runtime/dgm$5
Event: 37.099 loading class org/codehaus/groovy/runtime/dgm$5 done
Event: 37.100 loading class org/codehaus/groovy/runtime/dgm$6
Event: 37.100 loading class org/codehaus/groovy/runtime/dgm$6 done
Event: 37.103 loading class org/gradle/api/artifacts/result/UnresolvedDependencyResult
Event: 37.103 loading class org/gradle/api/artifacts/result/UnresolvedDependencyResult done


Dynamic libraries:
0x00007ff770fc0000 - 0x00007ff770ff1000 	C:\Program Files\Android\Android Studio\jre\bin\java.exe
0x00007ffb4ba60000 - 0x00007ffb4bc31000 	C:\WINDOWS\SYSTEM32\ntdll.dll
0x00007ffb4b1a0000 - 0x00007ffb4b24c000 	C:\WINDOWS\System32\KERNEL32.DLL
0x00007ffb48bf0000 - 0x00007ffb48e0d000 	C:\WINDOWS\System32\KERNELBASE.dll
0x00007ffb4b5e0000 - 0x00007ffb4b682000 	C:\WINDOWS\System32\ADVAPI32.dll
0x00007ffb4b3d0000 - 0x00007ffb4b46e000 	C:\WINDOWS\System32\msvcrt.dll
0x00007ffb4a840000 - 0x00007ffb4a899000 	C:\WINDOWS\System32\sechost.dll
0x00007ffb49010000 - 0x00007ffb49131000 	C:\WINDOWS\System32\RPCRT4.dll
0x00007ffb4b6f0000 - 0x00007ffb4b855000 	C:\WINDOWS\System32\USER32.dll
0x00007ffb48e10000 - 0x00007ffb48e2e000 	C:\WINDOWS\System32\win32u.dll
0x00007ffb4a7f0000 - 0x00007ffb4a824000 	C:\WINDOWS\System32\GDI32.dll
0x00007ffb47f60000 - 0x00007ffb480e0000 	C:\WINDOWS\System32\gdi32full.dll
0x00007ffb3ad90000 - 0x00007ffb3b00a000 	C:\WINDOWS\WinSxS\amd64_microsoft.windows.common-controls_6595b64144ccf1df_6.0.14393.953_none_42151e83c686086b\COMCTL32.dll
0x00007ffb4ae70000 - 0x00007ffb4b138000 	C:\WINDOWS\System32\combase.dll
0x00007ffb48190000 - 0x00007ffb48285000 	C:\WINDOWS\System32\ucrtbase.dll
0x00007ffb48f80000 - 0x00007ffb48fea000 	C:\WINDOWS\System32\bcryptPrimitives.dll
0x00007ffb4ae30000 - 0x00007ffb4ae5e000 	C:\WINDOWS\System32\IMM32.DLL
0x0000000055d30000 - 0x0000000055e02000 	C:\Program Files\Android\Android Studio\jre\jre\bin\msvcr100.dll
0x00000000554f0000 - 0x0000000055d2c000 	C:\Program Files\Android\Android Studio\jre\jre\bin\server\jvm.dll
0x00007ffb4b2c0000 - 0x00007ffb4b2c8000 	C:\WINDOWS\System32\PSAPI.DLL
0x00007ffb3a0d0000 - 0x00007ffb3a0d9000 	C:\WINDOWS\SYSTEM32\WSOCK32.dll
0x00007ffb45ca0000 - 0x00007ffb45cc3000 	C:\WINDOWS\SYSTEM32\WINMM.dll
0x00007ffb4b250000 - 0x00007ffb4b2ba000 	C:\WINDOWS\System32\WS2_32.dll
0x00007ffb3ac00000 - 0x00007ffb3ac0a000 	C:\WINDOWS\SYSTEM32\VERSION.dll
0x00007ffb45c70000 - 0x00007ffb45c9b000 	C:\WINDOWS\SYSTEM32\winmmbase.dll
0x00007ffb48ed0000 - 0x00007ffb48f12000 	C:\WINDOWS\System32\cfgmgr32.dll
0x00007ffb45590000 - 0x00007ffb4559f000 	C:\Program Files\Android\Android Studio\jre\jre\bin\verify.dll
0x00007ffb3fca0000 - 0x00007ffb3fcc9000 	C:\Program Files\Android\Android Studio\jre\jre\bin\java.dll
0x00007ffb44c20000 - 0x00007ffb44c36000 	C:\Program Files\Android\Android Studio\jre\jre\bin\zip.dll
0x00007ffb49140000 - 0x00007ffb4a648000 	C:\WINDOWS\System32\SHELL32.dll
0x00007ffb48290000 - 0x00007ffb4896a000 	C:\WINDOWS\System32\windows.storage.dll
0x00007ffb47ef0000 - 0x00007ffb47f3c000 	C:\WINDOWS\System32\powrprof.dll
0x00007ffb4b370000 - 0x00007ffb4b3c2000 	C:\WINDOWS\System32\shlwapi.dll
0x00007ffb47f40000 - 0x00007ffb47f4f000 	C:\WINDOWS\System32\kernel.appcore.dll
0x00007ffb48b40000 - 0x00007ffb48be9000 	C:\WINDOWS\System32\shcore.dll
0x00007ffb47ed0000 - 0x00007ffb47ee4000 	C:\WINDOWS\System32\profapi.dll
0x00007ffb43230000 - 0x00007ffb4324a000 	C:\Program Files\Android\Android Studio\jre\jre\bin\net.dll
0x00007ffb47800000 - 0x00007ffb4785c000 	C:\WINDOWS\system32\mswsock.dll
0x00007ffb3fc80000 - 0x00007ffb3fc91000 	C:\Program Files\Android\Android Studio\jre\jre\bin\nio.dll
0x00007ffb3f5e0000 - 0x00007ffb3f5f2000 	C:\Users\roberto\.gradle\native\19\windows-amd64\native-platform.dll
0x00007ffb479a0000 - 0x00007ffb479b7000 	C:\WINDOWS\SYSTEM32\CRYPTSP.dll
0x00007ffb47400000 - 0x00007ffb47433000 	C:\WINDOWS\system32\rsaenh.dll
0x00007ffb47ab0000 - 0x00007ffb47adb000 	C:\WINDOWS\SYSTEM32\bcrypt.dll
0x00007ffb47680000 - 0x00007ffb4769f000 	C:\WINDOWS\SYSTEM32\USERENV.dll
0x00007ffb479c0000 - 0x00007ffb479cb000 	C:\WINDOWS\SYSTEM32\CRYPTBASE.dll
0x00007ffb47580000 - 0x00007ffb475b8000 	C:\WINDOWS\SYSTEM32\IPHLPAPI.DLL
0x00007ffb4ae60000 - 0x00007ffb4ae68000 	C:\WINDOWS\System32\NSI.dll
0x00007ffb40930000 - 0x00007ffb40946000 	C:\WINDOWS\SYSTEM32\dhcpcsvc6.DLL
0x00007ffb40910000 - 0x00007ffb4092a000 	C:\WINDOWS\SYSTEM32\dhcpcsvc.DLL
0x00007ffb45480000 - 0x00007ffb4548d000 	C:\Program Files\Android\Android Studio\jre\jre\bin\management.dll
0x00007ffb3f7d0000 - 0x00007ffb3f7f4000 	C:\Program Files\Android\Android Studio\jre\jre\bin\sunec.dll
0x00007ffb475c0000 - 0x00007ffb47661000 	C:\WINDOWS\SYSTEM32\DNSAPI.dll
0x0000000056670000 - 0x0000000056696000 	C:\Program Files\Bonjour\mdnsNSP.dll
0x00007ffb3a170000 - 0x00007ffb3a17a000 	C:\Windows\System32\rasadhlp.dll
0x00007ffb40950000 - 0x00007ffb409ba000 	C:\WINDOWS\System32\fwpuclnt.dll
0x00007ffb44ce0000 - 0x00007ffb44ceb000 	C:\Program Files\Android\Android Studio\jre\jre\bin\sunmscapi.dll
0x00007ffb48970000 - 0x00007ffb48b39000 	C:\WINDOWS\System32\CRYPT32.dll
0x00007ffb47f50000 - 0x00007ffb47f60000 	C:\WINDOWS\System32\MSASN1.dll

VM Arguments:
jvm_args: -XX:MaxPermSize=256m -XX:+HeapDumpOnOutOfMemoryError -Xmx1024m -Dfile.encoding=windows-1252 -Duser.country=CH -Duser.language=it -Duser.variant 
java_command: org.gradle.launcher.daemon.bootstrap.GradleDaemon 2.14.1
java_class_path (initial): C:\Users\roberto\.gradle\wrapper\dists\gradle-2.14.1-all\8bnwg5hd3w55iofp58khbp6yv\gradle-2.14.1\lib\gradle-launcher-2.14.1.jar
Launcher Type: SUN_STANDARD

Environment Variables:
JAVA_HOME=C:\Program Files (x86)\Java\jdk1.8.0_65
PATH=C:\ProgramData\Oracle\Java\javapath;C:\Program Files (x86)\Intel\iCLS Client\;C:\Program Files\Intel\iCLS Client\;C:\Windows\system32;C:\Windows;C:\Windows\System32\Wbem;C:\Windows\System32\WindowsPowerShell\v1.0\;C:\Program Files\Intel\WiFi\bin\;C:\Program Files\Common Files\Intel\WirelessCommon\;C:\Program Files (x86)\Intel\OpenCL SDK\3.0\bin\x86;C:\Program Files (x86)\Intel\OpenCL SDK\3.0\bin\x64;C:\Program Files\Intel\Intel(R) Management Engine Components\DAL;C:\Program Files\Intel\Intel(R) Management Engine Components\IPT;C:\Program Files (x86)\Intel\Intel(R) Management Engine Components\DAL;C:\Program Files (x86)\Intel\Intel(R) Management Engine Components\IPT;C:\Program Files\Sony\VAIO Improvement;C:\Program Files (x86)\Sony\VAIO BIOS Data Transfer Utility\;C:\Program Files (x86)\Sony\VAIO Startup Setting Tool;C:\Program Files\nodejs\;C:\Users\roberto\AppData\Local\Smartbar\Application\;C:\WINDOWS\system32;C:\WINDOWS;C:\WINDOWS\System32\Wbem;C:\WINDOWS\System32\WindowsPowerShell\v1.0\;C:\ProgramData\Oracle\Java\javapath2;C:\Program Files (x86)\Java\jre1.8.0_65\bin;C:\Program Files (x86)\LyX 2.2\Perl\bin;C:\Program Files (x86)\Windows Kits\10\Windows Performance Toolkit\;C:\Program Files (x86)\Skype\Phone\;C:\Program Files\Git\cmd;c:\jruby-9.1.8.0\bin;c:\users\roberto\appdata\local\enthought\canopy\user\scripts;C:\Users\roberto\AppData\Local\Enthought\Canopy\User;C:\Users\roberto\AppData\Local\Enthought\Canopy\User\Scripts;C:\Users\roberto\AppData\Local\Programs\MiKTeX 2.9\miktex\bin\;C:\Program Files (x86)\Google\google_appengine\;C:\Users\roberto\AppData\Local\Microsoft\WindowsApps;C:\Program Files\Java\jdk1.8.0_121\bin;C:\Program Files\gnuplot\bin;C:\Program Files\Heroku\bin
USERNAME=roberto
OS=Windows_NT
PROCESSOR_IDENTIFIER=Intel64 Family 6 Model 69 Stepping 1, GenuineIntel



---------------  S Y S T E M  ---------------

OS: Windows 10.0 , 64 bit Build 14393 (10.0.14393.1198)

CPU:total 4 (2 cores per cpu, 2 threads per core) family 6 model 69 stepping 1, cmov, cx8, fxsr, mmx, sse, sse2, sse3, ssse3, sse4.1, sse4.2, popcnt, avx, avx2, aes, clmul, erms, lzcnt, ht, tsc, tscinvbit, bmi1, bmi2

Memory: 4k page, physical 8293232k(1561768k free), swap 9534308k(21604k free)

vm_info: OpenJDK 64-Bit Server VM (25.112-b06) for windows-amd64 JRE (1.8.0_112-release-b06), built on Dec  8 2016 00:54:26 by "builder" with MS VC++ 10.0 (VS2010)

time: Tue Sep 26 11:41:56 2017
elapsed time: 37 seconds (0d 0h 0m 37s)

